"../../../Engine/Content/EditorResources/S_Actor.ubulk" 0
"../../../Engine/Content/EditorResources/S_Actor.uasset" 1
"../../../Engine/Content/EditorResources/S_Actor.uexp" 2
"../../../Engine/Content/EditorResources/S_BoxReflectionCapture.uasset" 3
"../../../Engine/Content/EditorResources/S_BoxReflectionCapture.uexp" 4
"../../../Engine/Content/EngineResources/DefaultTexture.ubulk" 5
"../../../Engine/Content/EngineResources/DefaultTexture.uasset" 6
"../../../Engine/Content/EngineResources/DefaultTexture.uexp" 7
"../../../Engine/Content/EngineResources/DefaultTextureCube.uasset" 8
"../../../Engine/Content/EngineResources/DefaultTextureCube.uexp" 9
"../../../Engine/Content/EngineResources/DefaultVolumeTexture2D.uasset" 10
"../../../Engine/Content/EngineResources/DefaultVolumeTexture2D.uexp" 11
"../../../Engine/Content/EngineResources/DefaultVolumeTexture.uasset" 12
"../../../Engine/Content/EngineResources/DefaultVolumeTexture.uexp" 13
"../../../Engine/Content/EditorResources/S_Trigger.ubulk" 14
"../../../Engine/Content/EditorResources/S_Trigger.uasset" 15
"../../../Engine/Content/EditorResources/S_Trigger.uexp" 16
"../../../Engine/Content/EditorResources/S_TriggerBox.uasset" 17
"../../../Engine/Content/EditorResources/S_TriggerBox.uexp" 18
"../../../Engine/Content/EditorResources/S_TriggerCapsule.uasset" 19
"../../../Engine/Content/EditorResources/S_TriggerCapsule.uexp" 20
"../../../Engine/Content/EditorResources/S_TriggerSphere.uasset" 21
"../../../Engine/Content/EditorResources/S_TriggerSphere.uexp" 22
"../../../Engine/Content/EngineMeshes/Sphere.ubulk" 23
"../../../Engine/Content/EngineMeshes/Sphere.uasset" 24
"../../../Engine/Content/EngineMeshes/Sphere.uexp" 25
"../../../Engine/Content/EngineResources/GradientTexture0.uasset" 26
"../../../Engine/Content/EngineResources/GradientTexture0.uexp" 27
"../../../Engine/Content/EngineResources/Black.uasset" 28
"../../../Engine/Content/EngineResources/Black.uexp" 29
"../../../Engine/Content/VREditor/LaserPointer/VR_LaserPower_01.ubulk" 30
"../../../Engine/Content/VREditor/LaserPointer/VR_LaserPower_01.uasset" 31
"../../../Engine/Content/VREditor/LaserPointer/VR_LaserPower_01.uexp" 32
"../../../Engine/Content/VREditor/TransformGizmo/TransformGizmoMaterial.uasset" 33
"../../../Engine/Content/VREditor/TransformGizmo/TransformGizmoMaterial.uexp" 34
"../../../Engine/Content/VREditor/TransformGizmo/TranslucentTransformGizmoMaterial.uasset" 35
"../../../Engine/Content/VREditor/TransformGizmo/TranslucentTransformGizmoMaterial.uexp" 36
"../../../Engine/Content/VREditor/TransformGizmo/PlaneTranslationHandle.ubulk" 37
"../../../Engine/Content/VREditor/TransformGizmo/PlaneTranslationHandle.uasset" 38
"../../../Engine/Content/VREditor/TransformGizmo/PlaneTranslationHandle.uexp" 39
"../../../Engine/Content/VREditor/TransformGizmo/BoundingBoxCorner.ubulk" 40
"../../../Engine/Content/VREditor/TransformGizmo/BoundingBoxCorner.uasset" 41
"../../../Engine/Content/VREditor/TransformGizmo/BoundingBoxCorner.uexp" 42
"../../../Engine/Content/VREditor/TransformGizmo/BoundingBoxEdge.ubulk" 43
"../../../Engine/Content/VREditor/TransformGizmo/BoundingBoxEdge.uasset" 44
"../../../Engine/Content/VREditor/TransformGizmo/BoundingBoxEdge.uexp" 45
"../../../Engine/Content/VREditor/TransformGizmo/Main.uasset" 46
"../../../Engine/Content/VREditor/TransformGizmo/Main.uexp" 47
"../../../Engine/Content/VREditor/TransformGizmo/Xray.uasset" 48
"../../../Engine/Content/VREditor/TransformGizmo/Xray.uexp" 49
"../../../Engine/Content/VREditor/TransformGizmo/SM_Sequencer_Node.ubulk" 50
"../../../Engine/Content/VREditor/TransformGizmo/SM_Sequencer_Node.uasset" 51
"../../../Engine/Content/VREditor/TransformGizmo/SM_Sequencer_Node.uexp" 52
"../../../Engine/Content/EditorMaterials/Camera/CineMat.uasset" 53
"../../../Engine/Content/EditorMaterials/Camera/CineMat.uexp" 54
"../../../Engine/Content/EditorMaterials/Camera/MI_CineMat_Rig.uasset" 55
"../../../Engine/Content/EditorMaterials/Camera/MI_CineMat_Rig.uexp" 56
"../../../Engine/Content/EditorMeshes/Camera/SM_CraneRig_Base.ubulk" 57
"../../../Engine/Content/EditorMeshes/Camera/SM_CraneRig_Base.uasset" 58
"../../../Engine/Content/EditorMeshes/Camera/SM_CraneRig_Base.uexp" 59
"../../../Engine/Content/EditorMeshes/Camera/SM_CraneRig_Arm.ubulk" 60
"../../../Engine/Content/EditorMeshes/Camera/SM_CraneRig_Arm.uasset" 61
"../../../Engine/Content/EditorMeshes/Camera/SM_CraneRig_Arm.uexp" 62
"../../../Engine/Content/EditorMeshes/Camera/SM_CraneRig_Mount.ubulk" 63
"../../../Engine/Content/EditorMeshes/Camera/SM_CraneRig_Mount.uasset" 64
"../../../Engine/Content/EditorMeshes/Camera/SM_CraneRig_Mount.uexp" 65
"../../../Engine/Content/EditorMeshes/Camera/SM_CraneRig_Body.ubulk" 66
"../../../Engine/Content/EditorMeshes/Camera/SM_CraneRig_Body.uasset" 67
"../../../Engine/Content/EditorMeshes/Camera/SM_CraneRig_Body.uexp" 68
"../../../Engine/Content/EditorMeshes/Camera/SM_RailRig_Track.ubulk" 69
"../../../Engine/Content/EditorMeshes/Camera/SM_RailRig_Track.uasset" 70
"../../../Engine/Content/EditorMeshes/Camera/SM_RailRig_Track.uexp" 71
"../../../Engine/Content/EditorMeshes/Camera/SM_RailRig_Mount.ubulk" 72
"../../../Engine/Content/EditorMeshes/Camera/SM_RailRig_Mount.uasset" 73
"../../../Engine/Content/EditorMeshes/Camera/SM_RailRig_Mount.uexp" 74
"../../../Engine/Content/EngineMaterials/T_Default_Material_Grid_M.ubulk" 75
"../../../Engine/Content/EngineMaterials/T_Default_Material_Grid_M.uasset" 76
"../../../Engine/Content/EngineMaterials/T_Default_Material_Grid_M.uexp" 77
"../../../Engine/Content/EngineMaterials/T_Default_Material_Grid_N.ubulk" 78
"../../../Engine/Content/EngineMaterials/T_Default_Material_Grid_N.uasset" 79
"../../../Engine/Content/EngineMaterials/T_Default_Material_Grid_N.uexp" 80
"../../../Engine/Content/Functions/Engine_MaterialFunctions01/Opacity/CameraDepthFade.uasset" 81
"../../../Engine/Content/Functions/Engine_MaterialFunctions01/Opacity/CameraDepthFade.uexp" 82
"../../../Engine/Content/EngineMaterials/WorldGridMaterial.uasset" 83
"../../../Engine/Content/EngineMaterials/WorldGridMaterial.uexp" 84
"../../../Engine/Content/ArtTools/RenderToTexture/Meshes/S_1_Unit_Plane.ubulk" 85
"../../../Engine/Content/ArtTools/RenderToTexture/Meshes/S_1_Unit_Plane.uasset" 86
"../../../Engine/Content/ArtTools/RenderToTexture/Meshes/S_1_Unit_Plane.uexp" 87
"../../../Engine/Content/EditorMaterials/ParticleSystems/PSysThumbnail_NoImage.ubulk" 88
"../../../Engine/Content/EditorMaterials/ParticleSystems/PSysThumbnail_NoImage.uasset" 89
"../../../Engine/Content/EditorMaterials/ParticleSystems/PSysThumbnail_NoImage.uexp" 90
"../../../Engine/Content/EditorMaterials/ParticleSystems/PSysThumbnail_OOD.ubulk" 91
"../../../Engine/Content/EditorMaterials/ParticleSystems/PSysThumbnail_OOD.uasset" 92
"../../../Engine/Content/EditorMaterials/ParticleSystems/PSysThumbnail_OOD.uexp" 93
"../../../Engine/Content/EditorLandscapeResources/SplineEditorMeshMat.uasset" 94
"../../../Engine/Content/EditorLandscapeResources/SplineEditorMeshMat.uexp" 95
"../../../Engine/Content/EditorLandscapeResources/SplineEditorMesh.ubulk" 96
"../../../Engine/Content/EditorLandscapeResources/SplineEditorMesh.uasset" 97
"../../../Engine/Content/EditorLandscapeResources/SplineEditorMesh.uexp" 98
"../../../Engine/Content/EditorMeshes/EditorSphere.ubulk" 99
"../../../Engine/Content/EditorMeshes/EditorSphere.uasset" 100
"../../../Engine/Content/EditorMeshes/EditorSphere.uexp" 101
"../../../Engine/Content/EditorResources/S_Solver.ubulk" 102
"../../../Engine/Content/EditorResources/S_Solver.uasset" 103
"../../../Engine/Content/EditorResources/S_Solver.uexp" 104
"../../../Engine/Plugins/Media/MediaPlate/Content/SM_MediaPlateScreen.ubulk" 105
"../../../Engine/Plugins/Media/MediaPlate/Content/SM_MediaPlateScreen.uasset" 106
"../../../Engine/Plugins/Media/MediaPlate/Content/SM_MediaPlateScreen.uexp" 107
"../../../Engine/Content/EngineMaterials/Good64x64TilingNoiseHighFreq.uasset" 108
"../../../Engine/Content/EngineMaterials/Good64x64TilingNoiseHighFreq.uexp" 109
"../../../Engine/Content/EngineMaterials/DefaultBokeh.uasset" 110
"../../../Engine/Content/EngineMaterials/DefaultBokeh.uexp" 111
"../../../Engine/Content/EngineMaterials/PreintegratedSkinBRDF.uasset" 112
"../../../Engine/Content/EngineMaterials/PreintegratedSkinBRDF.uexp" 113
"../../../Engine/Content/EngineMaterials/MiniFont.uasset" 114
"../../../Engine/Content/EngineMaterials/MiniFont.uexp" 115
"../../../Engine/Content/EngineMaterials/WeightMapPlaceholderTexture.uasset" 116
"../../../Engine/Content/EngineMaterials/WeightMapPlaceholderTexture.uexp" 117
"../../../Engine/Content/EngineMaterials/DefaultWhiteGrid.ubulk" 118
"../../../Engine/Content/EngineMaterials/DefaultWhiteGrid.uasset" 119
"../../../Engine/Content/EngineMaterials/DefaultWhiteGrid.uexp" 120
"../../../Engine/Content/Animation/DefaultRecorderBoneCompression.uasset" 121
"../../../Engine/Content/Animation/DefaultRecorderBoneCompression.uexp" 122
"../../../Engine/Content/Animation/DefaultAnimCurveCompressionSettings.uasset" 123
"../../../Engine/Content/Animation/DefaultAnimCurveCompressionSettings.uexp" 124
"../../../Engine/Content/Animation/DefaultAnimBoneCompressionSettings.uasset" 125
"../../../Engine/Content/Animation/DefaultAnimBoneCompressionSettings.uexp" 126
"../../../Engine/Content/EngineMaterials/DefaultMaterial.uasset" 127
"../../../Engine/Content/EngineMaterials/DefaultMaterial.uexp" 128
"../../../Engine/Content/BasicShapes/Sphere.ubulk" 129
"../../../Engine/Content/BasicShapes/Sphere.uasset" 130
"../../../Engine/Content/BasicShapes/Sphere.uexp" 131
"../../../Engine/Content/BasicShapes/Plane.ubulk" 132
"../../../Engine/Content/BasicShapes/Plane.uasset" 133
"../../../Engine/Content/BasicShapes/Plane.uexp" 134
"../../../Engine/Content/BasicShapes/Cylinder.ubulk" 135
"../../../Engine/Content/BasicShapes/Cylinder.uasset" 136
"../../../Engine/Content/BasicShapes/Cylinder.uexp" 137
"../../../Engine/Content/BasicShapes/Cube.ubulk" 138
"../../../Engine/Content/BasicShapes/Cube.uasset" 139
"../../../Engine/Content/BasicShapes/Cube.uexp" 140
"../../../Engine/Content/BasicShapes/Cone.ubulk" 141
"../../../Engine/Content/BasicShapes/Cone.uasset" 142
"../../../Engine/Content/BasicShapes/Cone.uexp" 143
"../../../Engine/Content/EditorLandscapeResources/DefaultAlphaTexture.uasset" 144
"../../../Engine/Content/EditorLandscapeResources/DefaultAlphaTexture.uexp" 145
"../../../Engine/Content/EditorLandscapeResources/DataLayer.uasset" 146
"../../../Engine/Content/EditorLandscapeResources/DataLayer.uexp" 147
"../../../Engine/Content/EditorMaterials/PreviewShadowIndicator.ubulk" 148
"../../../Engine/Content/EditorMaterials/PreviewShadowIndicator.uasset" 149
"../../../Engine/Content/EditorMaterials/PreviewShadowIndicator.uexp" 150
"../../../Engine/Content/EditorMaterials/PreviewShadowIndicatorMaterial.uasset" 151
"../../../Engine/Content/EditorMaterials/PreviewShadowIndicatorMaterial.uexp" 152
"../../../Engine/Content/EditorMaterials/PhAT_UnselectedMaterial.uasset" 153
"../../../Engine/Content/EditorMaterials/PhAT_UnselectedMaterial.uexp" 154
"../../../Engine/Content/EditorMaterials/PhAT_NoCollisionMaterial.uasset" 155
"../../../Engine/Content/EditorMaterials/PhAT_NoCollisionMaterial.uexp" 156
"../../../Engine/Content/Functions/Engine_MaterialFunctions02/Utility/MakeFloat4.uasset" 157
"../../../Engine/Content/Functions/Engine_MaterialFunctions02/Utility/MakeFloat4.uexp" 158
"../../../Engine/Content/Functions/Engine_MaterialFunctions02/Utility/MakeFloat3.uasset" 159
"../../../Engine/Content/Functions/Engine_MaterialFunctions02/Utility/MakeFloat3.uexp" 160
"../../../Engine/Content/Functions/Engine_MaterialFunctions02/Utility/BreakOutFloat3Components.uasset" 161
"../../../Engine/Content/Functions/Engine_MaterialFunctions02/Utility/BreakOutFloat3Components.uexp" 162
"../../../Engine/Content/EditorMaterials/WorldPartition/WorldPartitionSpatialHashGridPreviewMaterial.uasset" 163
"../../../Engine/Content/EditorMaterials/WorldPartition/WorldPartitionSpatialHashGridPreviewMaterial.uexp" 164
"../../../Engine/Content/EditorResources/S_Terrain.ubulk" 165
"../../../Engine/Content/EditorResources/S_Terrain.uasset" 166
"../../../Engine/Content/EditorResources/S_Terrain.uexp" 167
"../../../Engine/Content/EditorResources/EmptyActor.uasset" 168
"../../../Engine/Content/EditorResources/EmptyActor.uexp" 169
"../../../Engine/Content/EditorResources/BSPVertex.uasset" 170
"../../../Engine/Content/EditorResources/BSPVertex.uexp" 171
"../../../Engine/Content/EditorResources/SequenceRecorder/RecordingIndicator.uasset" 172
"../../../Engine/Content/EditorResources/SequenceRecorder/RecordingIndicator.uexp" 173
"../../../Engine/Content/EditorResources/SequenceRecorder/Countdown.uasset" 174
"../../../Engine/Content/EditorResources/SequenceRecorder/Countdown.uexp" 175
"../../../Engine/Content/EngineDamageTypes/DmgTypeBP_Environmental.uasset" 176
"../../../Engine/Content/EngineDamageTypes/DmgTypeBP_Environmental.uexp" 177
"../../../Engine/Content/Functions/Engine_MaterialFunctions02/Utility/CameraDirectionVector.uasset" 178
"../../../Engine/Content/Functions/Engine_MaterialFunctions02/Utility/CameraDirectionVector.uexp" 179
"../../../Engine/Content/EngineDebugMaterials/VolumeToRender.uasset" 180
"../../../Engine/Content/EngineDebugMaterials/VolumeToRender.uexp" 181
"../../../Engine/Content/EngineDebugMaterials/M_VolumeRenderSphereTracePP.uasset" 182
"../../../Engine/Content/EngineDebugMaterials/M_VolumeRenderSphereTracePP.uexp" 183
"../../../Engine/Content/EngineDebugMaterials/M_SimpleUnlitTranslucent.uasset" 184
"../../../Engine/Content/EngineDebugMaterials/M_SimpleUnlitTranslucent.uexp" 185
"../../../Engine/Content/EngineDebugMaterials/DebugMeshMaterial.uasset" 186
"../../../Engine/Content/EngineDebugMaterials/DebugMeshMaterial.uexp" 187
"../../../Engine/Content/EngineDebugMaterials/DebugEditorMaterial.uasset" 188
"../../../Engine/Content/EngineDebugMaterials/DebugEditorMaterial.uexp" 189
"../../../Engine/Content/EngineFonts/Faces/RobotoLight.uexp" 190
"../../../Engine/Content/EngineFonts/Faces/RobotoLight.uasset" 191
"../../../Engine/Content/EngineFonts/Faces/RobotoLight.ufont" 192
"../../../Engine/Content/EngineFonts/Faces/RobotoBold.uexp" 193
"../../../Engine/Content/EngineFonts/Faces/RobotoBold.uasset" 194
"../../../Engine/Content/EngineFonts/Faces/RobotoBold.ufont" 195
"../../../Engine/Content/EngineFonts/Faces/RobotoRegular.uexp" 196
"../../../Engine/Content/EngineFonts/Faces/RobotoRegular.uasset" 197
"../../../Engine/Content/EngineFonts/Faces/RobotoRegular.ufont" 198
"../../../Engine/Content/EngineFonts/Faces/DroidSansFallback.uexp" 199
"../../../Engine/Content/EngineFonts/Faces/DroidSansFallback.uasset" 200
"../../../Engine/Content/EngineFonts/Faces/DroidSansFallback.ufont" 201
"../../../Engine/Content/EngineFonts/Faces/RobotoItalic.uexp" 202
"../../../Engine/Content/EngineFonts/Faces/RobotoItalic.uasset" 203
"../../../Engine/Content/EngineFonts/Faces/RobotoItalic.ufont" 204
"../../../Engine/Content/EngineFonts/Faces/RobotoBoldItalic.uexp" 205
"../../../Engine/Content/EngineFonts/Faces/RobotoBoldItalic.uasset" 206
"../../../Engine/Content/EngineFonts/Faces/RobotoBoldItalic.ufont" 207
"../../../Engine/Content/EngineFonts/Roboto.uasset" 208
"../../../Engine/Content/EngineFonts/Roboto.uexp" 209
"../../../Engine/Content/EngineResources/WhiteSquareTexture.uasset" 210
"../../../Engine/Content/EngineResources/WhiteSquareTexture.uexp" 211
"../../../Engine/Content/EngineMaterials/Widget3DPassThrough.uasset" 212
"../../../Engine/Content/EngineMaterials/Widget3DPassThrough.uexp" 213
"../../../Engine/Content/EngineMaterials/Widget3DPassThrough_Translucent.uasset" 214
"../../../Engine/Content/EngineMaterials/Widget3DPassThrough_Translucent.uexp" 215
"../../../Engine/Content/EngineMaterials/Widget3DPassThrough_Translucent_OneSided.uasset" 216
"../../../Engine/Content/EngineMaterials/Widget3DPassThrough_Translucent_OneSided.uexp" 217
"../../../Engine/Content/EngineMaterials/Widget3DPassThrough_Opaque.uasset" 218
"../../../Engine/Content/EngineMaterials/Widget3DPassThrough_Opaque.uexp" 219
"../../../Engine/Content/EngineMaterials/Widget3DPassThrough_Opaque_OneSided.uasset" 220
"../../../Engine/Content/EngineMaterials/Widget3DPassThrough_Opaque_OneSided.uexp" 221
"../../../Engine/Content/EngineMaterials/Widget3DPassThrough_Masked_OneSided.uasset" 222
"../../../Engine/Content/EngineMaterials/Widget3DPassThrough_Masked_OneSided.uexp" 223
"../../../Engine/Content/EngineMaterials/Widget3DPassThrough_Masked.uasset" 224
"../../../Engine/Content/EngineMaterials/Widget3DPassThrough_Masked.uexp" 225
"../../../Engine/Content/EngineMaterials/STBlueNoise_vec2_128x128x64.uasset" 226
"../../../Engine/Content/EngineMaterials/STBlueNoise_vec2_128x128x64.uexp" 227
"../../../Engine/Content/EngineMaterials/STBlueNoise_scalar_128x128x64.uasset" 228
"../../../Engine/Content/EngineMaterials/STBlueNoise_scalar_128x128x64.uexp" 229
"../../../Engine/Content/EngineMaterials/RemoveSurfaceMaterial.uasset" 230
"../../../Engine/Content/EngineMaterials/RemoveSurfaceMaterial.uexp" 231
"../../../Engine/Content/EngineMaterials/DefaultCalibrationGrayscale.uasset" 232
"../../../Engine/Content/EngineMaterials/DefaultCalibrationGrayscale.uexp" 233
"../../../Engine/Content/EngineMaterials/PPM_DefaultCalibrationGrayscale.uasset" 234
"../../../Engine/Content/EngineMaterials/PPM_DefaultCalibrationGrayscale.uexp" 235
"../../../Engine/Content/EngineMaterials/DefaultCalibrationColor.uasset" 236
"../../../Engine/Content/EngineMaterials/DefaultCalibrationColor.uexp" 237
"../../../Engine/Content/EngineMaterials/PPM_DefaultCalibrationColor.uasset" 238
"../../../Engine/Content/EngineMaterials/PPM_DefaultCalibrationColor.uexp" 239
"../../../Engine/Content/Functions/Engine_MaterialFunctions02/WorldPositionOffset/CameraOffset.uasset" 240
"../../../Engine/Content/Functions/Engine_MaterialFunctions02/WorldPositionOffset/CameraOffset.uexp" 241
"../../../Engine/Content/EngineMaterials/PhAT_JointLimitMaterial.uasset" 242
"../../../Engine/Content/EngineMaterials/PhAT_JointLimitMaterial.uexp" 243
"../../../Engine/Content/EngineMaterials/InvalidLightmapSettings.ubulk" 244
"../../../Engine/Content/EngineMaterials/InvalidLightmapSettings.uasset" 245
"../../../Engine/Content/EngineMaterials/InvalidLightmapSettings.uexp" 246
"../../../Engine/Content/EngineMaterials/M_InvalidLightmapSettings.uasset" 247
"../../../Engine/Content/EngineMaterials/M_InvalidLightmapSettings.uexp" 248
"../../../Engine/Content/EngineMaterials/GizmoMaterial.uasset" 249
"../../../Engine/Content/EngineMaterials/GizmoMaterial.uexp" 250
"../../../Engine/Content/EngineMaterials/BaseFlattenEmissiveMap_VT.uasset" 251
"../../../Engine/Content/EngineMaterials/BaseFlattenEmissiveMap_VT.uexp" 252
"../../../Engine/Content/EngineMaterials/BaseFlattenGrayscaleMap_VT.uasset" 253
"../../../Engine/Content/EngineMaterials/BaseFlattenGrayscaleMap_VT.uexp" 254
"../../../Engine/Content/EngineMaterials/BaseFlattenLinearColor_VT.uasset" 255
"../../../Engine/Content/EngineMaterials/BaseFlattenLinearColor_VT.uexp" 256
"../../../Engine/Content/EngineMaterials/Black_1x1_EXR_Texture_VT.uasset" 257
"../../../Engine/Content/EngineMaterials/Black_1x1_EXR_Texture_VT.uexp" 258
"../../../Engine/Content/EngineMaterials/BaseFlattenDiffuseMap_VT.uasset" 259
"../../../Engine/Content/EngineMaterials/BaseFlattenDiffuseMap_VT.uexp" 260
"../../../Engine/Content/EngineMaterials/BaseFlattenNormalMap_VT.uasset" 261
"../../../Engine/Content/EngineMaterials/BaseFlattenNormalMap_VT.uexp" 262
"../../../Engine/Content/EngineMaterials/FlattenMaterial_VT.uasset" 263
"../../../Engine/Content/EngineMaterials/FlattenMaterial_VT.uexp" 264
"../../../Engine/Content/EngineMaterials/BaseFlattenNormalMap.uasset" 265
"../../../Engine/Content/EngineMaterials/BaseFlattenNormalMap.uexp" 266
"../../../Engine/Content/EngineMaterials/BaseFlattenGrayscaleMap.uasset" 267
"../../../Engine/Content/EngineMaterials/BaseFlattenGrayscaleMap.uexp" 268
"../../../Engine/Content/EngineMaterials/BaseFlattenDiffuseMap.uasset" 269
"../../../Engine/Content/EngineMaterials/BaseFlattenDiffuseMap.uexp" 270
"../../../Engine/Content/Functions/Engine_MaterialFunctions02/PivotPainter2/Black_1x1_EXR_Texture.uasset" 271
"../../../Engine/Content/Functions/Engine_MaterialFunctions02/PivotPainter2/Black_1x1_EXR_Texture.uexp" 272
"../../../Engine/Content/EngineMaterials/BaseFlattenEmissiveMap.uasset" 273
"../../../Engine/Content/EngineMaterials/BaseFlattenEmissiveMap.uexp" 274
"../../../Engine/Content/EngineMaterials/BaseFlattenLinearColor.uasset" 275
"../../../Engine/Content/EngineMaterials/BaseFlattenLinearColor.uexp" 276
"../../../Engine/Content/EngineMaterials/FlattenMaterial.uasset" 277
"../../../Engine/Content/EngineMaterials/FlattenMaterial.uexp" 278
"../../../Engine/Content/EngineMaterials/DefaultWhiteGrid_Low.uasset" 279
"../../../Engine/Content/EngineMaterials/DefaultWhiteGrid_Low.uexp" 280
"../../../Engine/Content/EngineMaterials/EmissiveMeshMaterial.uasset" 281
"../../../Engine/Content/EngineMaterials/EmissiveMeshMaterial.uexp" 282
"../../../Engine/Content/EngineFonts/RobotoDistanceField.uasset" 283
"../../../Engine/Content/EngineFonts/RobotoDistanceField.uexp" 284
"../../../Engine/Content/EngineMaterials/DefaultTextMaterialOpaque.uasset" 285
"../../../Engine/Content/EngineMaterials/DefaultTextMaterialOpaque.uexp" 286
"../../../Engine/Content/EngineMaterials/DefaultDiffuse.ubulk" 287
"../../../Engine/Content/EngineMaterials/DefaultDiffuse.uasset" 288
"../../../Engine/Content/EngineMaterials/DefaultDiffuse.uexp" 289
"../../../Engine/Content/Functions/Engine_MaterialFunctions02/Utility/BreakOutFloat2Components.uasset" 290
"../../../Engine/Content/Functions/Engine_MaterialFunctions02/Utility/BreakOutFloat2Components.uexp" 291
"../../../Engine/Content/EngineMaterials/DefaultPostProcessMaterial.uasset" 292
"../../../Engine/Content/EngineMaterials/DefaultPostProcessMaterial.uexp" 293
"../../../Engine/Content/EngineMaterials/DefaultLightFunctionMaterial.uasset" 294
"../../../Engine/Content/EngineMaterials/DefaultLightFunctionMaterial.uexp" 295
"../../../Engine/Content/EngineMaterials/DefaultDestructiblePhysicalMaterial.uasset" 296
"../../../Engine/Content/EngineMaterials/DefaultDestructiblePhysicalMaterial.uexp" 297
"../../../Engine/Content/EngineMaterials/DefaultDeferredDecalMaterial.uasset" 298
"../../../Engine/Content/EngineMaterials/DefaultDeferredDecalMaterial.uexp" 299
"../../../Engine/Content/EngineMaterials/DefaultBloomKernel.uasset" 300
"../../../Engine/Content/EngineMaterials/DefaultBloomKernel.uexp" 301
"../../../Engine/Content/EngineResources/FilmGrains/Marcie_Grain_v3_128_M2_000.uasset" 302
"../../../Engine/Content/EngineResources/FilmGrains/Marcie_Grain_v3_128_M2_000.uexp" 303
"../../../Engine/Content/EngineSky/VolumetricClouds/CloudWeatherTexture.uasset" 304
"../../../Engine/Content/EngineSky/VolumetricClouds/CloudWeatherTexture.uexp" 305
"../../../Engine/Content/Functions/Engine_MaterialFunctions02/Utility/MakeFloat2.uasset" 306
"../../../Engine/Content/Functions/Engine_MaterialFunctions02/Utility/MakeFloat2.uexp" 307
"../../../Engine/Content/EngineSky/VolumetricClouds/CloudGradientTexture.uasset" 308
"../../../Engine/Content/EngineSky/VolumetricClouds/CloudGradientTexture.uexp" 309
"../../../Engine/Content/EngineSky/VolumetricClouds/T_NoiseShape64.ubulk" 310
"../../../Engine/Content/EngineSky/VolumetricClouds/T_NoiseShape64.uasset" 311
"../../../Engine/Content/EngineSky/VolumetricClouds/T_NoiseShape64.uexp" 312
"../../../Engine/Content/EngineSky/VolumetricClouds/T_VolumeNoiseShape64.uasset" 313
"../../../Engine/Content/EngineSky/VolumetricClouds/T_VolumeNoiseShape64.uexp" 314
"../../../Engine/Content/EngineSky/VolumetricClouds/T_NoiseErosion.ubulk" 315
"../../../Engine/Content/EngineSky/VolumetricClouds/T_NoiseErosion.uasset" 316
"../../../Engine/Content/EngineSky/VolumetricClouds/T_NoiseErosion.uexp" 317
"../../../Engine/Content/EngineSky/VolumetricClouds/T_VolumeNoiseErosion32.uasset" 318
"../../../Engine/Content/EngineSky/VolumetricClouds/T_VolumeNoiseErosion32.uexp" 319
"../../../Engine/Content/EngineSky/VolumetricClouds/m_SimpleVolumetricCloud.uasset" 320
"../../../Engine/Content/EngineSky/VolumetricClouds/m_SimpleVolumetricCloud.uexp" 321
"../../../Engine/Content/EngineSky/VolumetricClouds/m_SimpleVolumetricCloud_Inst.uasset" 322
"../../../Engine/Content/EngineSky/VolumetricClouds/m_SimpleVolumetricCloud_Inst.uexp" 323
"../../../Engine/Content/EngineSounds/Master.uasset" 324
"../../../Engine/Content/EngineSounds/Master.uexp" 325
"../../../Engine/Content/Functions/Engine_MaterialFunctions01/Shading/PowerToRoughness.uasset" 326
"../../../Engine/Content/Functions/Engine_MaterialFunctions01/Shading/PowerToRoughness.uexp" 327
"../../../Engine/Content/MobileResources/HUD/VirtualJoystick_Background.uasset" 328
"../../../Engine/Content/MobileResources/HUD/VirtualJoystick_Background.uexp" 329
"../../../Engine/Content/MobileResources/HUD/VirtualJoystick_Thumb.uasset" 330
"../../../Engine/Content/MobileResources/HUD/VirtualJoystick_Thumb.uexp" 331
"../../../Engine/Content/MobileResources/HUD/DefaultVirtualJoysticks.uasset" 332
"../../../Engine/Content/MobileResources/HUD/DefaultVirtualJoysticks.uexp" 333
"../../../Engine/Content/EngineMaterials/DefaultPhysicalMaterial.uasset" 334
"../../../Engine/Content/EngineMaterials/DefaultPhysicalMaterial.uexp" 335
"../../../Engine/Content/EngineMaterials/BlendFunc_DefBlend.uasset" 336
"../../../Engine/Content/EngineMaterials/BlendFunc_DefBlend.uexp" 337
"../../../Engine/Content/EngineMaterials/BlendFunc_DefBase.uasset" 338
"../../../Engine/Content/EngineMaterials/BlendFunc_DefBase.uexp" 339
"../../../Engine/Content/Functions/Engine_MaterialFunctions03/Blends/Blend_Overlay.uasset" 340
"../../../Engine/Content/Functions/Engine_MaterialFunctions03/Blends/Blend_Overlay.uexp" 341
"../../../Engine/Content/OpenWorldTemplate/LandscapeMaterial/T_GridChecker_A.ubulk" 342
"../../../Engine/Content/OpenWorldTemplate/LandscapeMaterial/T_GridChecker_A.uasset" 343
"../../../Engine/Content/OpenWorldTemplate/LandscapeMaterial/T_GridChecker_A.uexp" 344
"../../../Engine/Content/Functions/Engine_MaterialFunctions01/Gradient/LinearGradient.uasset" 345
"../../../Engine/Content/Functions/Engine_MaterialFunctions01/Gradient/LinearGradient.uexp" 346
"../../../Engine/Content/Functions/Engine_MaterialFunctions01/ImageAdjustment/CheapContrast.uasset" 347
"../../../Engine/Content/Functions/Engine_MaterialFunctions01/ImageAdjustment/CheapContrast.uexp" 348
"../../../Engine/Content/OpenWorldTemplate/LandscapeMaterial/MF_ProcGrid.uasset" 349
"../../../Engine/Content/OpenWorldTemplate/LandscapeMaterial/MF_ProcGrid.uexp" 350
"../../../Engine/Content/OpenWorldTemplate/LandscapeMaterial/M_ProcGrid.uasset" 351
"../../../Engine/Content/OpenWorldTemplate/LandscapeMaterial/M_ProcGrid.uexp" 352
"../../../Engine/Content/EngineMaterials/FlattenMaterial_WS_Normal_VT.uasset" 353
"../../../Engine/Content/EngineMaterials/FlattenMaterial_WS_Normal_VT.uexp" 354
"../../../Engine/Content/OpenWorldTemplate/HLOD/HLOD0_Instancing.uasset" 355
"../../../Engine/Content/OpenWorldTemplate/HLOD/HLOD0_Instancing.uexp" 356
"G:/Unreal Projects/Wentworth/Content/Environment/Space/Textures/T_Space_E.uexp" 357
"G:/Unreal Projects/Wentworth/Content/Environment/Space/Textures/T_Space_E.ubulk" 358
"G:/Unreal Projects/Wentworth/Content/Environment/Space/Textures/T_Space_E.uasset" 359
"G:/Unreal Projects/Wentworth/Content/Environment/Space/Textures/T_Space_E.uptnl" 360
"G:/Unreal Projects/Wentworth/Content/Environment/Space/Materials/M_Space.uasset" 361
"G:/Unreal Projects/Wentworth/Content/Environment/Space/Materials/M_Space.uexp" 362
"../../../Engine/Content/EngineSky/SM_SkySphere.ubulk" 363
"../../../Engine/Content/EngineSky/SM_SkySphere.uasset" 364
"../../../Engine/Content/EngineSky/SM_SkySphere.uexp" 365
"../../../Engine/Content/EngineSky/M_SimpleSkyDome.uasset" 366
"../../../Engine/Content/EngineSky/M_SimpleSkyDome.uexp" 367
"../../../Engine/Plugins/2D/Paper2D/Content/PlaceholderTextures/DummySpriteTexture.ubulk" 368
"../../../Engine/Plugins/2D/Paper2D/Content/PlaceholderTextures/DummySpriteTexture.uasset" 369
"../../../Engine/Plugins/2D/Paper2D/Content/PlaceholderTextures/DummySpriteTexture.uexp" 370
"../../../Engine/Plugins/2D/Paper2D/Content/DefaultSpriteMaterial.uasset" 371
"../../../Engine/Plugins/2D/Paper2D/Content/DefaultSpriteMaterial.uexp" 372
"../../../Engine/Plugins/2D/Paper2D/Content/OpaqueUnlitSpriteMaterial.uasset" 373
"../../../Engine/Plugins/2D/Paper2D/Content/OpaqueUnlitSpriteMaterial.uexp" 374
"../../../Engine/Plugins/2D/Paper2D/Content/MaskedUnlitSpriteMaterial.uasset" 375
"../../../Engine/Plugins/2D/Paper2D/Content/MaskedUnlitSpriteMaterial.uexp" 376
"../../../Engine/Plugins/2D/Paper2D/Content/DummySprite.uasset" 377
"../../../Engine/Plugins/2D/Paper2D/Content/DummySprite.uexp" 378
"../../../Engine/Plugins/2D/Paper2D/Content/DefaultPaperTerrainMaterial.uasset" 379
"../../../Engine/Plugins/2D/Paper2D/Content/DefaultPaperTerrainMaterial.uexp" 380
"../../../Engine/Plugins/Animation/ControlRig/Content/M_Manip.uasset" 381
"../../../Engine/Plugins/Animation/ControlRig/Content/M_Manip.uexp" 382
"../../../Engine/Plugins/Animation/ControlRig/Content/Controls/DefaultGizmoLibraryNormalized.uasset" 383
"../../../Engine/Plugins/Animation/ControlRig/Content/Controls/DefaultGizmoLibraryNormalized.uexp" 384
"../../../Engine/Plugins/Animation/ControlRig/Content/Controls/ControlRig_Wedge_solid.ubulk" 385
"../../../Engine/Plugins/Animation/ControlRig/Content/Controls/ControlRig_Wedge_solid.uasset" 386
"../../../Engine/Plugins/Animation/ControlRig/Content/Controls/ControlRig_Wedge_solid.uexp" 387
"../../../Engine/Plugins/Animation/ControlRig/Content/Controls/ControlRig_Wedge_3mm.ubulk" 388
"../../../Engine/Plugins/Animation/ControlRig/Content/Controls/ControlRig_Wedge_3mm.uasset" 389
"../../../Engine/Plugins/Animation/ControlRig/Content/Controls/ControlRig_Wedge_3mm.uexp" 390
"../../../Engine/Plugins/Animation/ControlRig/Content/Controls/ControlRig_Wedge_1mm.ubulk" 391
"../../../Engine/Plugins/Animation/ControlRig/Content/Controls/ControlRig_Wedge_1mm.uasset" 392
"../../../Engine/Plugins/Animation/ControlRig/Content/Controls/ControlRig_Wedge_1mm.uexp" 393
"../../../Engine/Plugins/Animation/ControlRig/Content/Controls/ControlRig_Triangle_solid.ubulk" 394
"../../../Engine/Plugins/Animation/ControlRig/Content/Controls/ControlRig_Triangle_solid.uasset" 395
"../../../Engine/Plugins/Animation/ControlRig/Content/Controls/ControlRig_Triangle_solid.uexp" 396
"../../../Engine/Plugins/Animation/ControlRig/Content/Controls/ControlRig_Triangle_3mm.ubulk" 397
"../../../Engine/Plugins/Animation/ControlRig/Content/Controls/ControlRig_Triangle_3mm.uasset" 398
"../../../Engine/Plugins/Animation/ControlRig/Content/Controls/ControlRig_Triangle_3mm.uexp" 399
"../../../Engine/Plugins/Animation/ControlRig/Content/Controls/ControlRig_Triangle_1mm.ubulk" 400
"../../../Engine/Plugins/Animation/ControlRig/Content/Controls/ControlRig_Triangle_1mm.uasset" 401
"../../../Engine/Plugins/Animation/ControlRig/Content/Controls/ControlRig_Triangle_1mm.uexp" 402
"../../../Engine/Plugins/Animation/ControlRig/Content/Controls/ControlRig_Star4_solid.ubulk" 403
"../../../Engine/Plugins/Animation/ControlRig/Content/Controls/ControlRig_Star4_solid.uasset" 404
"../../../Engine/Plugins/Animation/ControlRig/Content/Controls/ControlRig_Star4_solid.uexp" 405
"../../../Engine/Plugins/Animation/ControlRig/Content/Controls/ControlRig_Star4_3mm.ubulk" 406
"../../../Engine/Plugins/Animation/ControlRig/Content/Controls/ControlRig_Star4_3mm.uasset" 407
"../../../Engine/Plugins/Animation/ControlRig/Content/Controls/ControlRig_Star4_3mm.uexp" 408
"../../../Engine/Plugins/Animation/ControlRig/Content/Controls/ControlRig_Star4_1mm.ubulk" 409
"../../../Engine/Plugins/Animation/ControlRig/Content/Controls/ControlRig_Star4_1mm.uasset" 410
"../../../Engine/Plugins/Animation/ControlRig/Content/Controls/ControlRig_Star4_1mm.uexp" 411
"../../../Engine/Plugins/Animation/ControlRig/Content/Controls/ControlRig_Square_solid.ubulk" 412
"../../../Engine/Plugins/Animation/ControlRig/Content/Controls/ControlRig_Square_solid.uasset" 413
"../../../Engine/Plugins/Animation/ControlRig/Content/Controls/ControlRig_Square_solid.uexp" 414
"../../../Engine/Plugins/Animation/ControlRig/Content/Controls/ControlRig_Square_3mm.ubulk" 415
"../../../Engine/Plugins/Animation/ControlRig/Content/Controls/ControlRig_Square_3mm.uasset" 416
"../../../Engine/Plugins/Animation/ControlRig/Content/Controls/ControlRig_Square_3mm.uexp" 417
"../../../Engine/Plugins/Animation/ControlRig/Content/Controls/ControlRig_Square_1mm.ubulk" 418
"../../../Engine/Plugins/Animation/ControlRig/Content/Controls/ControlRig_Square_1mm.uasset" 419
"../../../Engine/Plugins/Animation/ControlRig/Content/Controls/ControlRig_Square_1mm.uexp" 420
"../../../Engine/Plugins/Animation/ControlRig/Content/Controls/ControlRig_Sphere_solid.ubulk" 421
"../../../Engine/Plugins/Animation/ControlRig/Content/Controls/ControlRig_Sphere_solid.uasset" 422
"../../../Engine/Plugins/Animation/ControlRig/Content/Controls/ControlRig_Sphere_solid.uexp" 423
"../../../Engine/Plugins/Animation/ControlRig/Content/Controls/ControlRig_Sphere_3mm.ubulk" 424
"../../../Engine/Plugins/Animation/ControlRig/Content/Controls/ControlRig_Sphere_3mm.uasset" 425
"../../../Engine/Plugins/Animation/ControlRig/Content/Controls/ControlRig_Sphere_3mm.uexp" 426
"../../../Engine/Plugins/Animation/ControlRig/Content/Controls/ControlRig_Sphere_1mm.ubulk" 427
"../../../Engine/Plugins/Animation/ControlRig/Content/Controls/ControlRig_Sphere_1mm.uasset" 428
"../../../Engine/Plugins/Animation/ControlRig/Content/Controls/ControlRig_Sphere_1mm.uexp" 429
"../../../Engine/Plugins/Animation/ControlRig/Content/Controls/ControlRig_RoundedTriangle_solid.ubulk" 430
"../../../Engine/Plugins/Animation/ControlRig/Content/Controls/ControlRig_RoundedTriangle_solid.uasset" 431
"../../../Engine/Plugins/Animation/ControlRig/Content/Controls/ControlRig_RoundedTriangle_solid.uexp" 432
"../../../Engine/Plugins/Animation/ControlRig/Content/Controls/ControlRig_RoundedTriangle_3mm.ubulk" 433
"../../../Engine/Plugins/Animation/ControlRig/Content/Controls/ControlRig_RoundedTriangle_3mm.uasset" 434
"../../../Engine/Plugins/Animation/ControlRig/Content/Controls/ControlRig_RoundedTriangle_3mm.uexp" 435
"../../../Engine/Plugins/Animation/ControlRig/Content/Controls/ControlRig_RoundedTriangle_1mm.ubulk" 436
"../../../Engine/Plugins/Animation/ControlRig/Content/Controls/ControlRig_RoundedTriangle_1mm.uasset" 437
"../../../Engine/Plugins/Animation/ControlRig/Content/Controls/ControlRig_RoundedTriangle_1mm.uexp" 438
"../../../Engine/Plugins/Animation/ControlRig/Content/Controls/ControlRig_RoundedSquare_solid.ubulk" 439
"../../../Engine/Plugins/Animation/ControlRig/Content/Controls/ControlRig_RoundedSquare_solid.uasset" 440
"../../../Engine/Plugins/Animation/ControlRig/Content/Controls/ControlRig_RoundedSquare_solid.uexp" 441
"../../../Engine/Plugins/Animation/ControlRig/Content/Controls/ControlRig_RoundedSquare_3mm.ubulk" 442
"../../../Engine/Plugins/Animation/ControlRig/Content/Controls/ControlRig_RoundedSquare_3mm.uasset" 443
"../../../Engine/Plugins/Animation/ControlRig/Content/Controls/ControlRig_RoundedSquare_3mm.uexp" 444
"../../../Engine/Plugins/Animation/ControlRig/Content/Controls/ControlRig_RoundedSquare_1mm.ubulk" 445
"../../../Engine/Plugins/Animation/ControlRig/Content/Controls/ControlRig_RoundedSquare_1mm.uasset" 446
"../../../Engine/Plugins/Animation/ControlRig/Content/Controls/ControlRig_RoundedSquare_1mm.uexp" 447
"../../../Engine/Plugins/Animation/ControlRig/Content/Controls/ControlRig_QuarterCircle_solid.ubulk" 448
"../../../Engine/Plugins/Animation/ControlRig/Content/Controls/ControlRig_QuarterCircle_solid.uasset" 449
"../../../Engine/Plugins/Animation/ControlRig/Content/Controls/ControlRig_QuarterCircle_solid.uexp" 450
"../../../Engine/Plugins/Animation/ControlRig/Content/Controls/ControlRig_QuarterCircle_3mm.ubulk" 451
"../../../Engine/Plugins/Animation/ControlRig/Content/Controls/ControlRig_QuarterCircle_3mm.uasset" 452
"../../../Engine/Plugins/Animation/ControlRig/Content/Controls/ControlRig_QuarterCircle_3mm.uexp" 453
"../../../Engine/Plugins/Animation/ControlRig/Content/Controls/ControlRig_QuarterCircle_1mm.ubulk" 454
"../../../Engine/Plugins/Animation/ControlRig/Content/Controls/ControlRig_QuarterCircle_1mm.uasset" 455
"../../../Engine/Plugins/Animation/ControlRig/Content/Controls/ControlRig_QuarterCircle_1mm.uexp" 456
"../../../Engine/Plugins/Animation/ControlRig/Content/Controls/ControlRig_Pyramid_solid.ubulk" 457
"../../../Engine/Plugins/Animation/ControlRig/Content/Controls/ControlRig_Pyramid_solid.uasset" 458
"../../../Engine/Plugins/Animation/ControlRig/Content/Controls/ControlRig_Pyramid_solid.uexp" 459
"../../../Engine/Plugins/Animation/ControlRig/Content/Controls/ControlRig_Pyramid_3mm.ubulk" 460
"../../../Engine/Plugins/Animation/ControlRig/Content/Controls/ControlRig_Pyramid_3mm.uasset" 461
"../../../Engine/Plugins/Animation/ControlRig/Content/Controls/ControlRig_Pyramid_3mm.uexp" 462
"../../../Engine/Plugins/Animation/ControlRig/Content/Controls/ControlRig_Pyramid_1mm.ubulk" 463
"../../../Engine/Plugins/Animation/ControlRig/Content/Controls/ControlRig_Pyramid_1mm.uasset" 464
"../../../Engine/Plugins/Animation/ControlRig/Content/Controls/ControlRig_Pyramid_1mm.uexp" 465
"../../../Engine/Plugins/Animation/ControlRig/Content/Controls/ControlRig_Octagon_solid.ubulk" 466
"../../../Engine/Plugins/Animation/ControlRig/Content/Controls/ControlRig_Octagon_solid.uasset" 467
"../../../Engine/Plugins/Animation/ControlRig/Content/Controls/ControlRig_Octagon_solid.uexp" 468
"../../../Engine/Plugins/Animation/ControlRig/Content/Controls/ControlRig_Octagon_3mm.ubulk" 469
"../../../Engine/Plugins/Animation/ControlRig/Content/Controls/ControlRig_Octagon_3mm.uasset" 470
"../../../Engine/Plugins/Animation/ControlRig/Content/Controls/ControlRig_Octagon_3mm.uexp" 471
"../../../Engine/Plugins/Animation/ControlRig/Content/Controls/ControlRig_Octagon_1mm.ubulk" 472
"../../../Engine/Plugins/Animation/ControlRig/Content/Controls/ControlRig_Octagon_1mm.uasset" 473
"../../../Engine/Plugins/Animation/ControlRig/Content/Controls/ControlRig_Octagon_1mm.uexp" 474
"../../../Engine/Plugins/Animation/ControlRig/Content/Controls/ControlRig_Hexagon_solid.ubulk" 475
"../../../Engine/Plugins/Animation/ControlRig/Content/Controls/ControlRig_Hexagon_solid.uasset" 476
"../../../Engine/Plugins/Animation/ControlRig/Content/Controls/ControlRig_Hexagon_solid.uexp" 477
"../../../Engine/Plugins/Animation/ControlRig/Content/Controls/ControlRig_Hexagon_3mm.ubulk" 478
"../../../Engine/Plugins/Animation/ControlRig/Content/Controls/ControlRig_Hexagon_3mm.uasset" 479
"../../../Engine/Plugins/Animation/ControlRig/Content/Controls/ControlRig_Hexagon_3mm.uexp" 480
"../../../Engine/Plugins/Animation/ControlRig/Content/Controls/ControlRig_Hexagon_1mm.ubulk" 481
"../../../Engine/Plugins/Animation/ControlRig/Content/Controls/ControlRig_Hexagon_1mm.uasset" 482
"../../../Engine/Plugins/Animation/ControlRig/Content/Controls/ControlRig_Hexagon_1mm.uexp" 483
"../../../Engine/Plugins/Animation/ControlRig/Content/Controls/ControlRig_HalfCircle_solid.ubulk" 484
"../../../Engine/Plugins/Animation/ControlRig/Content/Controls/ControlRig_HalfCircle_solid.uasset" 485
"../../../Engine/Plugins/Animation/ControlRig/Content/Controls/ControlRig_HalfCircle_solid.uexp" 486
"../../../Engine/Plugins/Animation/ControlRig/Content/Controls/ControlRig_HalfCircle_3mm.ubulk" 487
"../../../Engine/Plugins/Animation/ControlRig/Content/Controls/ControlRig_HalfCircle_3mm.uasset" 488
"../../../Engine/Plugins/Animation/ControlRig/Content/Controls/ControlRig_HalfCircle_3mm.uexp" 489
"../../../Engine/Plugins/Animation/ControlRig/Content/Controls/ControlRig_HalfCircle_1mm.ubulk" 490
"../../../Engine/Plugins/Animation/ControlRig/Content/Controls/ControlRig_HalfCircle_1mm.uasset" 491
"../../../Engine/Plugins/Animation/ControlRig/Content/Controls/ControlRig_HalfCircle_1mm.uexp" 492
"../../../Engine/Plugins/Animation/ControlRig/Content/Controls/ControlRig_Diamond_solid.ubulk" 493
"../../../Engine/Plugins/Animation/ControlRig/Content/Controls/ControlRig_Diamond_solid.uasset" 494
"../../../Engine/Plugins/Animation/ControlRig/Content/Controls/ControlRig_Diamond_solid.uexp" 495
"../../../Engine/Plugins/Animation/ControlRig/Content/Controls/ControlRig_Diamond_3mm.ubulk" 496
"../../../Engine/Plugins/Animation/ControlRig/Content/Controls/ControlRig_Diamond_3mm.uasset" 497
"../../../Engine/Plugins/Animation/ControlRig/Content/Controls/ControlRig_Diamond_3mm.uexp" 498
"../../../Engine/Plugins/Animation/ControlRig/Content/Controls/ControlRig_Diamond_1mm.ubulk" 499
"../../../Engine/Plugins/Animation/ControlRig/Content/Controls/ControlRig_Diamond_1mm.uasset" 500
"../../../Engine/Plugins/Animation/ControlRig/Content/Controls/ControlRig_Diamond_1mm.uexp" 501
"../../../Engine/Plugins/Animation/ControlRig/Content/Controls/ControlRig_Circle_solid.ubulk" 502
"../../../Engine/Plugins/Animation/ControlRig/Content/Controls/ControlRig_Circle_solid.uasset" 503
"../../../Engine/Plugins/Animation/ControlRig/Content/Controls/ControlRig_Circle_solid.uexp" 504
"../../../Engine/Plugins/Animation/ControlRig/Content/Controls/ControlRig_Circle_3mm.ubulk" 505
"../../../Engine/Plugins/Animation/ControlRig/Content/Controls/ControlRig_Circle_3mm.uasset" 506
"../../../Engine/Plugins/Animation/ControlRig/Content/Controls/ControlRig_Circle_3mm.uexp" 507
"../../../Engine/Plugins/Animation/ControlRig/Content/Controls/ControlRig_Circle_1mm.ubulk" 508
"../../../Engine/Plugins/Animation/ControlRig/Content/Controls/ControlRig_Circle_1mm.uasset" 509
"../../../Engine/Plugins/Animation/ControlRig/Content/Controls/ControlRig_Circle_1mm.uexp" 510
"../../../Engine/Plugins/Animation/ControlRig/Content/Controls/ControlRig_Box_solid.ubulk" 511
"../../../Engine/Plugins/Animation/ControlRig/Content/Controls/ControlRig_Box_solid.uasset" 512
"../../../Engine/Plugins/Animation/ControlRig/Content/Controls/ControlRig_Box_solid.uexp" 513
"../../../Engine/Plugins/Animation/ControlRig/Content/Controls/ControlRig_Box_3mm.ubulk" 514
"../../../Engine/Plugins/Animation/ControlRig/Content/Controls/ControlRig_Box_3mm.uasset" 515
"../../../Engine/Plugins/Animation/ControlRig/Content/Controls/ControlRig_Box_3mm.uexp" 516
"../../../Engine/Plugins/Animation/ControlRig/Content/Controls/ControlRig_Box_1mm.ubulk" 517
"../../../Engine/Plugins/Animation/ControlRig/Content/Controls/ControlRig_Box_1mm.uasset" 518
"../../../Engine/Plugins/Animation/ControlRig/Content/Controls/ControlRig_Box_1mm.uexp" 519
"../../../Engine/Plugins/Animation/ControlRig/Content/Controls/ControlRig_Arrow_solid.ubulk" 520
"../../../Engine/Plugins/Animation/ControlRig/Content/Controls/ControlRig_Arrow_solid.uasset" 521
"../../../Engine/Plugins/Animation/ControlRig/Content/Controls/ControlRig_Arrow_solid.uexp" 522
"../../../Engine/Plugins/Animation/ControlRig/Content/Controls/ControlRig_Arrow_3mm.ubulk" 523
"../../../Engine/Plugins/Animation/ControlRig/Content/Controls/ControlRig_Arrow_3mm.uasset" 524
"../../../Engine/Plugins/Animation/ControlRig/Content/Controls/ControlRig_Arrow_3mm.uexp" 525
"../../../Engine/Plugins/Animation/ControlRig/Content/Controls/ControlRig_Arrow_1mm.ubulk" 526
"../../../Engine/Plugins/Animation/ControlRig/Content/Controls/ControlRig_Arrow_1mm.uasset" 527
"../../../Engine/Plugins/Animation/ControlRig/Content/Controls/ControlRig_Arrow_1mm.uexp" 528
"../../../Engine/Plugins/Animation/ControlRig/Content/Controls/ControlRig_Arrow4_solid.ubulk" 529
"../../../Engine/Plugins/Animation/ControlRig/Content/Controls/ControlRig_Arrow4_solid.uasset" 530
"../../../Engine/Plugins/Animation/ControlRig/Content/Controls/ControlRig_Arrow4_solid.uexp" 531
"../../../Engine/Plugins/Animation/ControlRig/Content/Controls/ControlRig_Arrow4_3mm.ubulk" 532
"../../../Engine/Plugins/Animation/ControlRig/Content/Controls/ControlRig_Arrow4_3mm.uasset" 533
"../../../Engine/Plugins/Animation/ControlRig/Content/Controls/ControlRig_Arrow4_3mm.uexp" 534
"../../../Engine/Plugins/Animation/ControlRig/Content/Controls/ControlRig_Arrow4_1mm.ubulk" 535
"../../../Engine/Plugins/Animation/ControlRig/Content/Controls/ControlRig_Arrow4_1mm.uasset" 536
"../../../Engine/Plugins/Animation/ControlRig/Content/Controls/ControlRig_Arrow4_1mm.uexp" 537
"../../../Engine/Plugins/Animation/ControlRig/Content/Controls/ControlRig_Arrow2_solid.ubulk" 538
"../../../Engine/Plugins/Animation/ControlRig/Content/Controls/ControlRig_Arrow2_solid.uasset" 539
"../../../Engine/Plugins/Animation/ControlRig/Content/Controls/ControlRig_Arrow2_solid.uexp" 540
"../../../Engine/Plugins/Animation/ControlRig/Content/Controls/ControlRig_Arrow2_3mm.ubulk" 541
"../../../Engine/Plugins/Animation/ControlRig/Content/Controls/ControlRig_Arrow2_3mm.uasset" 542
"../../../Engine/Plugins/Animation/ControlRig/Content/Controls/ControlRig_Arrow2_3mm.uexp" 543
"../../../Engine/Plugins/Animation/ControlRig/Content/Controls/ControlRig_Arrow2_1mm.ubulk" 544
"../../../Engine/Plugins/Animation/ControlRig/Content/Controls/ControlRig_Arrow2_1mm.uasset" 545
"../../../Engine/Plugins/Animation/ControlRig/Content/Controls/ControlRig_Arrow2_1mm.uexp" 546
"../../../Engine/Plugins/Animation/ControlRig/Content/Controls/ControlRigXRayMaterial.uasset" 547
"../../../Engine/Plugins/Animation/ControlRig/Content/Controls/ControlRigXRayMaterial.uexp" 548
"../../../Engine/Plugins/Animation/ControlRig/Content/Controls/ControlRigGizmoMaterial.uasset" 549
"../../../Engine/Plugins/Animation/ControlRig/Content/Controls/ControlRigGizmoMaterial.uexp" 550
"../../../Engine/Plugins/Editor/SpeedTreeImporter/Content/SpeedTree9/game_wind_noise.ubulk" 551
"../../../Engine/Plugins/Editor/SpeedTreeImporter/Content/SpeedTree9/game_wind_noise.uasset" 552
"../../../Engine/Plugins/Editor/SpeedTreeImporter/Content/SpeedTree9/game_wind_noise.uexp" 553
"../../../Engine/Plugins/Editor/SpeedTreeImporter/Content/SpeedTree9/UnpackDirection.uasset" 554
"../../../Engine/Plugins/Editor/SpeedTreeImporter/Content/SpeedTree9/UnpackDirection.uexp" 555
"../../../Engine/Content/Functions/Engine_MaterialFunctions02/ObjectLocalBounds.uasset" 556
"../../../Engine/Content/Functions/Engine_MaterialFunctions02/ObjectLocalBounds.uexp" 557
"../../../Engine/Content/Functions/Engine_MaterialFunctions02/UVs/BoundingBoxBased_0-1_UVW.uasset" 558
"../../../Engine/Content/Functions/Engine_MaterialFunctions02/UVs/BoundingBoxBased_0-1_UVW.uexp" 559
"../../../Engine/Content/Functions/Engine_MaterialFunctions02/Utility/VectorLength.uasset" 560
"../../../Engine/Content/Functions/Engine_MaterialFunctions02/Utility/VectorLength.uexp" 561
"../../../Engine/Plugins/Editor/SpeedTreeImporter/Content/SpeedTree9/UnpackInteger3.uasset" 562
"../../../Engine/Plugins/Editor/SpeedTreeImporter/Content/SpeedTree9/UnpackInteger3.uexp" 563
"../../../Engine/Plugins/Editor/SpeedTreeImporter/Content/SpeedTree9/SpeedTreeCameraFacing.uasset" 564
"../../../Engine/Plugins/Editor/SpeedTreeImporter/Content/SpeedTree9/SpeedTreeCameraFacing.uexp" 565
"../../../Engine/Content/Functions/Engine_MaterialFunctions02/WorldPositionOffset/ObjectScale.uasset" 566
"../../../Engine/Content/Functions/Engine_MaterialFunctions02/WorldPositionOffset/ObjectScale.uexp" 567
"../../../Engine/Content/Functions/Engine_MaterialFunctions02/SafeNormalize.uasset" 568
"../../../Engine/Content/Functions/Engine_MaterialFunctions02/SafeNormalize.uexp" 569
"../../../Engine/Plugins/Editor/SpeedTreeImporter/Content/SpeedTree9/SpeedTreeWindMotion.uasset" 570
"../../../Engine/Plugins/Editor/SpeedTreeImporter/Content/SpeedTree9/SpeedTreeWindMotion.uexp" 571
"../../../Engine/Plugins/Editor/SpeedTreeImporter/Content/SpeedTree9/SpeedTreeBranchMotion.uasset" 572
"../../../Engine/Plugins/Editor/SpeedTreeImporter/Content/SpeedTree9/SpeedTreeBranchMotion.uexp" 573
"../../../Engine/Plugins/Editor/SpeedTreeImporter/Content/SpeedTree9/SpeedTreeWind.uasset" 574
"../../../Engine/Plugins/Editor/SpeedTreeImporter/Content/SpeedTree9/SpeedTreeWind.uexp" 575
"../../../Engine/Plugins/Editor/SpeedTreeImporter/Content/SpeedTree9/EmptyNormal.uasset" 576
"../../../Engine/Plugins/Editor/SpeedTreeImporter/Content/SpeedTree9/EmptyNormal.uexp" 577
"../../../Engine/Plugins/Editor/SpeedTreeImporter/Content/SpeedTree9/Empty.uasset" 578
"../../../Engine/Plugins/Editor/SpeedTreeImporter/Content/SpeedTree9/Empty.uexp" 579
"../../../Engine/Plugins/Editor/SpeedTreeImporter/Content/SpeedTree9/SpeedTreeMaster.uasset" 580
"../../../Engine/Plugins/Editor/SpeedTreeImporter/Content/SpeedTree9/SpeedTreeMaster.uexp" 581
"../../../Engine/Plugins/Editor/SpeedTreeImporter/Content/SpeedTree9/SpeedTreeBillboard.uasset" 582
"../../../Engine/Plugins/Editor/SpeedTreeImporter/Content/SpeedTree9/SpeedTreeBillboard.uexp" 583
"../../../Engine/Plugins/Editor/SpeedTreeImporter/Content/SpeedTree9/SpeedTreeBillboardMaster.uasset" 584
"../../../Engine/Plugins/Editor/SpeedTreeImporter/Content/SpeedTree9/SpeedTreeBillboardMaster.uexp" 585
"../../../Engine/Content/Functions/Engine_MaterialFunctions02/Texturing/CustomRotator.uasset" 586
"../../../Engine/Content/Functions/Engine_MaterialFunctions02/Texturing/CustomRotator.uexp" 587
"../../../Engine/Content/Functions/Engine_MaterialFunctions02/Texturing/ScreenAlignedPixelToPixelUVs.uasset" 588
"../../../Engine/Content/Functions/Engine_MaterialFunctions02/Texturing/ScreenAlignedPixelToPixelUVs.uexp" 589
"../../../Engine/Plugins/Interchange/Runtime/Content/Utilities/T_Bayer64_Grayscale_64px.uasset" 590
"../../../Engine/Plugins/Interchange/Runtime/Content/Utilities/T_Bayer64_Grayscale_64px.uexp" 591
"../../../Engine/Plugins/Interchange/Runtime/Content/gltf/MaterialFunctions/MF_Temporal_Blur.uasset" 592
"../../../Engine/Plugins/Interchange/Runtime/Content/gltf/MaterialFunctions/MF_Temporal_Blur.uexp" 593
"../../../Engine/Plugins/Interchange/Runtime/Content/gltf/MaterialFunctions/MF_Fresnel_DS.uasset" 594
"../../../Engine/Plugins/Interchange/Runtime/Content/gltf/MaterialFunctions/MF_Fresnel_DS.uexp" 595
"../../../Engine/Plugins/Interchange/Runtime/Content/Functions/MX_Transmission.uasset" 596
"../../../Engine/Plugins/Interchange/Runtime/Content/Functions/MX_Transmission.uexp" 597
"../../../Engine/Plugins/Interchange/Runtime/Content/Functions/MF_OrenNayerView.uasset" 598
"../../../Engine/Plugins/Interchange/Runtime/Content/Functions/MF_OrenNayerView.uexp" 599
"../../../Engine/Plugins/Interchange/Runtime/Content/Functions/MF_SchlickApprox.uasset" 600
"../../../Engine/Plugins/Interchange/Runtime/Content/Functions/MF_SchlickApprox.uexp" 601
"../../../Engine/Plugins/Interchange/Runtime/Content/Utilities/New_LUT.uasset" 602
"../../../Engine/Plugins/Interchange/Runtime/Content/Utilities/New_LUT.uexp" 603
"../../../Engine/Content/Functions/Engine_MaterialFunctions03/Math/RemapValueRange.uasset" 604
"../../../Engine/Content/Functions/Engine_MaterialFunctions03/Math/RemapValueRange.uexp" 605
"../../../Engine/Plugins/Interchange/Runtime/Content/Functions/MF_Iridescence.uasset" 606
"../../../Engine/Plugins/Interchange/Runtime/Content/Functions/MF_Iridescence.uexp" 607
"../../../Engine/Plugins/Interchange/Runtime/Content/Functions/MX_StandardSurface.uasset" 608
"../../../Engine/Plugins/Interchange/Runtime/Content/Functions/MX_StandardSurface.uexp" 609
"../../../Engine/Plugins/Interchange/Runtime/Content/Functions/MX_TransmissionSurface.uasset" 610
"../../../Engine/Plugins/Interchange/Runtime/Content/Functions/MX_TransmissionSurface.uexp" 611
"../../../Engine/Content/Functions/Engine_MaterialFunctions02/Math/AddComponents.uasset" 612
"../../../Engine/Content/Functions/Engine_MaterialFunctions02/Math/AddComponents.uexp" 613
"../../../Engine/Content/Functions/Engine_MaterialFunctions02/WorldPositionOffset/V2/ObjectScale.uasset" 614
"../../../Engine/Content/Functions/Engine_MaterialFunctions02/WorldPositionOffset/V2/ObjectScale.uexp" 615
"../../../Engine/Plugins/Interchange/Runtime/Content/gltf/MaterialFunctions/MF_TransmissionOpacity.uasset" 616
"../../../Engine/Plugins/Interchange/Runtime/Content/gltf/MaterialFunctions/MF_TransmissionOpacity.uexp" 617
"../../../Engine/Plugins/Interchange/Runtime/Content/gltf/MaterialFunctions/MF_RotateV2.uasset" 618
"../../../Engine/Plugins/Interchange/Runtime/Content/gltf/MaterialFunctions/MF_RotateV2.uexp" 619
"../../../Engine/Plugins/Interchange/Runtime/Content/gltf/MaterialFunctions/MF_TransformUVs.uasset" 620
"../../../Engine/Plugins/Interchange/Runtime/Content/gltf/MaterialFunctions/MF_TransformUVs.uexp" 621
"../../../Engine/Plugins/Interchange/Runtime/Content/gltf/Textures/T_White_srgb.uasset" 622
"../../../Engine/Plugins/Interchange/Runtime/Content/gltf/Textures/T_White_srgb.uexp" 623
"../../../Engine/Plugins/Interchange/Runtime/Content/gltf/MaterialFunctions/MF_BaseColor.uasset" 624
"../../../Engine/Plugins/Interchange/Runtime/Content/gltf/MaterialFunctions/MF_BaseColor.uexp" 625
"../../../Engine/Plugins/Interchange/Runtime/Content/gltf/MaterialFunctions/MF_DiffuseSpecGloss.uasset" 626
"../../../Engine/Plugins/Interchange/Runtime/Content/gltf/MaterialFunctions/MF_DiffuseSpecGloss.uexp" 627
"../../../Engine/Plugins/Interchange/Runtime/Content/gltf/Textures/T_White_Linear.uasset" 628
"../../../Engine/Plugins/Interchange/Runtime/Content/gltf/Textures/T_White_Linear.uexp" 629
"../../../Engine/Plugins/Interchange/Runtime/Content/gltf/MaterialFunctions/MF_MetallicRoughness.uasset" 630
"../../../Engine/Plugins/Interchange/Runtime/Content/gltf/MaterialFunctions/MF_MetallicRoughness.uexp" 631
"../../../Engine/Plugins/Interchange/Runtime/Content/gltf/MaterialFunctions/MF_Transmission.uasset" 632
"../../../Engine/Plugins/Interchange/Runtime/Content/gltf/MaterialFunctions/MF_Transmission.uexp" 633
"../../../Engine/Plugins/Interchange/Runtime/Content/gltf/MaterialFunctions/MF_Occlusion.uasset" 634
"../../../Engine/Plugins/Interchange/Runtime/Content/gltf/MaterialFunctions/MF_Occlusion.uexp" 635
"../../../Engine/Plugins/Interchange/Runtime/Content/gltf/MaterialFunctions/MF_Specular.uasset" 636
"../../../Engine/Plugins/Interchange/Runtime/Content/gltf/MaterialFunctions/MF_Specular.uexp" 637
"../../../Engine/Plugins/Interchange/Runtime/Content/gltf/MaterialFunctions/MF_IOR.uasset" 638
"../../../Engine/Plugins/Interchange/Runtime/Content/gltf/MaterialFunctions/MF_IOR.uexp" 639
"../../../Engine/Content/Functions/Engine_MaterialFunctions01/Texturing/FlattenNormal.uasset" 640
"../../../Engine/Content/Functions/Engine_MaterialFunctions01/Texturing/FlattenNormal.uexp" 641
"../../../Engine/Content/Functions/Engine_MaterialFunctions02/Math/Transform3x3Matrix.uasset" 642
"../../../Engine/Content/Functions/Engine_MaterialFunctions02/Math/Transform3x3Matrix.uexp" 643
"../../../Engine/Plugins/Interchange/Runtime/Content/gltf/MaterialFunctions/MF_RotateNormals_TS.uasset" 644
"../../../Engine/Plugins/Interchange/Runtime/Content/gltf/MaterialFunctions/MF_RotateNormals_TS.uexp" 645
"../../../Engine/Plugins/Interchange/Runtime/Content/gltf/Textures/T_Generic_N.uasset" 646
"../../../Engine/Plugins/Interchange/Runtime/Content/gltf/Textures/T_Generic_N.uexp" 647
"../../../Engine/Plugins/Interchange/Runtime/Content/gltf/MaterialFunctions/MF_Normals.uasset" 648
"../../../Engine/Plugins/Interchange/Runtime/Content/gltf/MaterialFunctions/MF_Normals.uexp" 649
"../../../Engine/Plugins/Interchange/Runtime/Content/gltf/MaterialFunctions/MF_PerceivedBrightness.uasset" 650
"../../../Engine/Plugins/Interchange/Runtime/Content/gltf/MaterialFunctions/MF_PerceivedBrightness.uexp" 651
"../../../Engine/Plugins/Interchange/Runtime/Content/gltf/MaterialFunctions/MF_SpecGlossToMetalRoughness.uasset" 652
"../../../Engine/Plugins/Interchange/Runtime/Content/gltf/MaterialFunctions/MF_SpecGlossToMetalRoughness.uexp" 653
"../../../Engine/Plugins/Interchange/Runtime/Content/gltf/M_Transmission.uasset" 654
"../../../Engine/Plugins/Interchange/Runtime/Content/gltf/M_Transmission.uexp" 655
"../../../Engine/Plugins/Interchange/Runtime/Content/gltf/MaterialInstances_MR/MI_Transmission_TS.uasset" 656
"../../../Engine/Plugins/Interchange/Runtime/Content/gltf/MaterialInstances_MR/MI_Transmission_TS.uexp" 657
"../../../Engine/Plugins/Interchange/Runtime/Content/gltf/MaterialInstances_MR/MI_Transmission.uasset" 658
"../../../Engine/Plugins/Interchange/Runtime/Content/gltf/MaterialInstances_MR/MI_Transmission.uexp" 659
"../../../Engine/Plugins/Interchange/Runtime/Content/gltf/MaterialFunctions/MF_Clearcoat.uasset" 660
"../../../Engine/Plugins/Interchange/Runtime/Content/gltf/MaterialFunctions/MF_Clearcoat.uexp" 661
"../../../Engine/Plugins/Interchange/Runtime/Content/gltf/MaterialFunctions/MF_Emissive.uasset" 662
"../../../Engine/Plugins/Interchange/Runtime/Content/gltf/MaterialFunctions/MF_Emissive.uexp" 663
"../../../Engine/Plugins/Interchange/Runtime/Content/gltf/M_Translucent.uasset" 664
"../../../Engine/Plugins/Interchange/Runtime/Content/gltf/M_Translucent.uexp" 665
"../../../Engine/Plugins/Interchange/Runtime/Content/gltf/MaterialInstances_MR/MI_Translucent_TS.uasset" 666
"../../../Engine/Plugins/Interchange/Runtime/Content/gltf/MaterialInstances_MR/MI_Translucent_TS.uexp" 667
"../../../Engine/Plugins/Interchange/Runtime/Content/gltf/MaterialInstances_MR/MI_Translucent_ClearCoat_TS.uasset" 668
"../../../Engine/Plugins/Interchange/Runtime/Content/gltf/MaterialInstances_MR/MI_Translucent_ClearCoat_TS.uexp" 669
"../../../Engine/Plugins/Interchange/Runtime/Content/gltf/MaterialInstances_MR/MI_Translucent_ClearCoat.uasset" 670
"../../../Engine/Plugins/Interchange/Runtime/Content/gltf/MaterialInstances_MR/MI_Translucent_ClearCoat.uexp" 671
"../../../Engine/Plugins/Interchange/Runtime/Content/gltf/MaterialInstances_MR/MI_Translucent.uasset" 672
"../../../Engine/Plugins/Interchange/Runtime/Content/gltf/MaterialInstances_MR/MI_Translucent.uexp" 673
"../../../Engine/Plugins/Interchange/Runtime/Content/gltf/M_Unlit.uasset" 674
"../../../Engine/Plugins/Interchange/Runtime/Content/gltf/M_Unlit.uexp" 675
"../../../Engine/Plugins/Interchange/Runtime/Content/gltf/MaterialInstances_MR/MI_Opaque_Unlit_TS.uasset" 676
"../../../Engine/Plugins/Interchange/Runtime/Content/gltf/MaterialInstances_MR/MI_Opaque_Unlit_TS.uexp" 677
"../../../Engine/Plugins/Interchange/Runtime/Content/gltf/MaterialInstances_MR/MI_Opaque_Unlit.uasset" 678
"../../../Engine/Plugins/Interchange/Runtime/Content/gltf/MaterialInstances_MR/MI_Opaque_Unlit.uexp" 679
"../../../Engine/Plugins/Interchange/Runtime/Content/gltf/M_Opaque.uasset" 680
"../../../Engine/Plugins/Interchange/Runtime/Content/gltf/M_Opaque.uexp" 681
"../../../Engine/Plugins/Interchange/Runtime/Content/gltf/MaterialInstances_MR/MI_Opaque_TS.uasset" 682
"../../../Engine/Plugins/Interchange/Runtime/Content/gltf/MaterialInstances_MR/MI_Opaque_TS.uexp" 683
"../../../Engine/Plugins/Interchange/Runtime/Content/gltf/MaterialFunctions/MF_Sheen.uasset" 684
"../../../Engine/Plugins/Interchange/Runtime/Content/gltf/MaterialFunctions/MF_Sheen.uexp" 685
"../../../Engine/Content/Functions/Engine_MaterialFunctions01/Shading/FuzzyShading.uasset" 686
"../../../Engine/Content/Functions/Engine_MaterialFunctions01/Shading/FuzzyShading.uexp" 687
"../../../Engine/Plugins/Interchange/Runtime/Content/gltf/M_Sheen.uasset" 688
"../../../Engine/Plugins/Interchange/Runtime/Content/gltf/M_Sheen.uexp" 689
"../../../Engine/Plugins/Interchange/Runtime/Content/gltf/MaterialInstances_MR/MI_Opaque_Sheen_TS.uasset" 690
"../../../Engine/Plugins/Interchange/Runtime/Content/gltf/MaterialInstances_MR/MI_Opaque_Sheen_TS.uexp" 691
"../../../Engine/Plugins/Interchange/Runtime/Content/gltf/MaterialInstances_MR/MI_Opaque_Sheen.uasset" 692
"../../../Engine/Plugins/Interchange/Runtime/Content/gltf/MaterialInstances_MR/MI_Opaque_Sheen.uexp" 693
"../../../Engine/Plugins/Interchange/Runtime/Content/gltf/MaterialInstances_MR/MI_Opaque_ClearCoat_TS.uasset" 694
"../../../Engine/Plugins/Interchange/Runtime/Content/gltf/MaterialInstances_MR/MI_Opaque_ClearCoat_TS.uexp" 695
"../../../Engine/Plugins/Interchange/Runtime/Content/gltf/MaterialInstances_MR/MI_Opaque_ClearCoat.uasset" 696
"../../../Engine/Plugins/Interchange/Runtime/Content/gltf/MaterialInstances_MR/MI_Opaque_ClearCoat.uexp" 697
"../../../Engine/Plugins/Interchange/Runtime/Content/gltf/MaterialInstances_MR/MI_Opaque.uasset" 698
"../../../Engine/Plugins/Interchange/Runtime/Content/gltf/MaterialInstances_MR/MI_Opaque.uexp" 699
"../../../Engine/Plugins/Interchange/Runtime/Content/gltf/MaterialInstances_SG/MI_Transmission_TS.uasset" 700
"../../../Engine/Plugins/Interchange/Runtime/Content/gltf/MaterialInstances_SG/MI_Transmission_TS.uexp" 701
"../../../Engine/Plugins/Interchange/Runtime/Content/gltf/MaterialInstances_SG/MI_Transmission.uasset" 702
"../../../Engine/Plugins/Interchange/Runtime/Content/gltf/MaterialInstances_SG/MI_Transmission.uexp" 703
"../../../Engine/Plugins/Interchange/Runtime/Content/gltf/MaterialInstances_SG/MI_Translucent_TS.uasset" 704
"../../../Engine/Plugins/Interchange/Runtime/Content/gltf/MaterialInstances_SG/MI_Translucent_TS.uexp" 705
"../../../Engine/Plugins/Interchange/Runtime/Content/gltf/MaterialInstances_SG/MI_Translucent_ClearCoat_TS.uasset" 706
"../../../Engine/Plugins/Interchange/Runtime/Content/gltf/MaterialInstances_SG/MI_Translucent_ClearCoat_TS.uexp" 707
"../../../Engine/Plugins/Interchange/Runtime/Content/gltf/MaterialInstances_SG/MI_Translucent_ClearCoat.uasset" 708
"../../../Engine/Plugins/Interchange/Runtime/Content/gltf/MaterialInstances_SG/MI_Translucent_ClearCoat.uexp" 709
"../../../Engine/Plugins/Interchange/Runtime/Content/gltf/MaterialInstances_SG/MI_Translucent.uasset" 710
"../../../Engine/Plugins/Interchange/Runtime/Content/gltf/MaterialInstances_SG/MI_Translucent.uexp" 711
"../../../Engine/Plugins/Interchange/Runtime/Content/gltf/MaterialInstances_SG/MI_Opaque_TS.uasset" 712
"../../../Engine/Plugins/Interchange/Runtime/Content/gltf/MaterialInstances_SG/MI_Opaque_TS.uexp" 713
"../../../Engine/Plugins/Interchange/Runtime/Content/gltf/MaterialInstances_SG/MI_Opaque_Sheen_TS.uasset" 714
"../../../Engine/Plugins/Interchange/Runtime/Content/gltf/MaterialInstances_SG/MI_Opaque_Sheen_TS.uexp" 715
"../../../Engine/Plugins/Interchange/Runtime/Content/gltf/MaterialInstances_SG/MI_Opaque_Sheen.uasset" 716
"../../../Engine/Plugins/Interchange/Runtime/Content/gltf/MaterialInstances_SG/MI_Opaque_Sheen.uexp" 717
"../../../Engine/Plugins/Interchange/Runtime/Content/gltf/MaterialInstances_SG/MI_Opaque_ClearCoat_TS.uasset" 718
"../../../Engine/Plugins/Interchange/Runtime/Content/gltf/MaterialInstances_SG/MI_Opaque_ClearCoat_TS.uexp" 719
"../../../Engine/Plugins/Interchange/Runtime/Content/gltf/MaterialInstances_SG/MI_Opaque_ClearCoat.uasset" 720
"../../../Engine/Plugins/Interchange/Runtime/Content/gltf/MaterialInstances_SG/MI_Opaque_ClearCoat.uexp" 721
"../../../Engine/Plugins/Interchange/Runtime/Content/gltf/MaterialInstances_SG/MI_Opaque.uasset" 722
"../../../Engine/Plugins/Interchange/Runtime/Content/gltf/MaterialInstances_SG/MI_Opaque.uexp" 723
"../../../Engine/Plugins/Interchange/Runtime/Content/gltf/Textures/T_Gray_Linear.uasset" 724
"../../../Engine/Plugins/Interchange/Runtime/Content/gltf/Textures/T_Gray_Linear.uexp" 725
"../../../Engine/Plugins/Interchange/Runtime/Content/gltf/Textures/T_Black_srgb.uasset" 726
"../../../Engine/Plugins/Interchange/Runtime/Content/gltf/Textures/T_Black_srgb.uexp" 727
"../../../Engine/Plugins/Interchange/Runtime/Content/Materials/UnlitMaterial.uasset" 728
"../../../Engine/Plugins/Interchange/Runtime/Content/Materials/UnlitMaterial.uexp" 729
"../../../Engine/Content/EngineMaterials/DefaultNormal.ubulk" 730
"../../../Engine/Content/EngineMaterials/DefaultNormal.uasset" 731
"../../../Engine/Content/EngineMaterials/DefaultNormal.uexp" 732
"../../../Engine/Plugins/Interchange/Runtime/Content/Materials/MapOrScalarFunction.uasset" 733
"../../../Engine/Plugins/Interchange/Runtime/Content/Materials/MapOrScalarFunction.uexp" 734
"../../../Engine/Plugins/Interchange/Runtime/Content/Materials/MapOrLinearColorFunction.uasset" 735
"../../../Engine/Plugins/Interchange/Runtime/Content/Materials/MapOrLinearColorFunction.uexp" 736
"../../../Engine/Plugins/Interchange/Runtime/Content/Materials/MapOrColorFunction.uasset" 737
"../../../Engine/Plugins/Interchange/Runtime/Content/Materials/MapOrColorFunction.uexp" 738
"../../../Engine/Plugins/Interchange/Runtime/Content/Materials/CommonMaterial.uasset" 739
"../../../Engine/Plugins/Interchange/Runtime/Content/Materials/CommonMaterial.uexp" 740
"../../../Engine/Plugins/Interchange/Runtime/Content/Materials/PBRSurfaceFunction.uasset" 741
"../../../Engine/Plugins/Interchange/Runtime/Content/Materials/PBRSurfaceFunction.uexp" 742
"../../../Engine/Plugins/Interchange/Runtime/Content/Materials/ThinTranslucentMaterial.uasset" 743
"../../../Engine/Plugins/Interchange/Runtime/Content/Materials/ThinTranslucentMaterial.uexp" 744
"../../../Engine/Plugins/Interchange/Runtime/Content/Materials/SubsurfaceMaterial.uasset" 745
"../../../Engine/Plugins/Interchange/Runtime/Content/Materials/SubsurfaceMaterial.uexp" 746
"../../../Engine/Plugins/Interchange/Runtime/Content/Materials/SheenMaterial.uasset" 747
"../../../Engine/Plugins/Interchange/Runtime/Content/Materials/SheenMaterial.uexp" 748
"../../../Engine/Content/Functions/Engine_MaterialFunctions01/Shading/ConvertFromDiffSpec.uasset" 749
"../../../Engine/Content/Functions/Engine_MaterialFunctions01/Shading/ConvertFromDiffSpec.uexp" 750
"../../../Engine/Plugins/Interchange/Runtime/Content/Materials/PhongSurfaceMaterial.uasset" 751
"../../../Engine/Plugins/Interchange/Runtime/Content/Materials/PhongSurfaceMaterial.uexp" 752
"../../../Engine/Plugins/Interchange/Runtime/Content/Materials/PBRSurfaceMaterial.uasset" 753
"../../../Engine/Plugins/Interchange/Runtime/Content/Materials/PBRSurfaceMaterial.uexp" 754
"../../../Engine/Content/EngineMaterials/FlatNormal.uasset" 755
"../../../Engine/Content/EngineMaterials/FlatNormal.uexp" 756
"../../../Engine/Content/EditorLandscapeResources/WhiteSquareTexture.uasset" 757
"../../../Engine/Content/EditorLandscapeResources/WhiteSquareTexture.uexp" 758
"../../../Engine/Plugins/Interchange/Runtime/Content/Materials/OrenNayerMaterial.uasset" 759
"../../../Engine/Plugins/Interchange/Runtime/Content/Materials/OrenNayerMaterial.uexp" 760
"../../../Engine/Plugins/Interchange/Runtime/Content/Materials/LambertSurfaceMaterial.uasset" 761
"../../../Engine/Plugins/Interchange/Runtime/Content/Materials/LambertSurfaceMaterial.uexp" 762
"../../../Engine/Plugins/Interchange/Runtime/Content/Materials/ClearCoatMaterial.uasset" 763
"../../../Engine/Plugins/Interchange/Runtime/Content/Materials/ClearCoatMaterial.uexp" 764
"../../../Engine/Plugins/Interchange/Runtime/Content/Pipelines/DefaultTexturePipeline.uasset" 765
"../../../Engine/Plugins/Interchange/Runtime/Content/Pipelines/DefaultTexturePipeline.uexp" 766
"../../../Engine/Plugins/Interchange/Runtime/Content/Pipelines/DefaultSceneLevelPipeline.uasset" 767
"../../../Engine/Plugins/Interchange/Runtime/Content/Pipelines/DefaultSceneLevelPipeline.uexp" 768
"../../../Engine/Plugins/Interchange/Runtime/Content/Pipelines/DefaultSceneAssetsPipeline.uasset" 769
"../../../Engine/Plugins/Interchange/Runtime/Content/Pipelines/DefaultSceneAssetsPipeline.uexp" 770
"../../../Engine/Plugins/Interchange/Runtime/Content/Pipelines/DefaultMaterialPipeline.uasset" 771
"../../../Engine/Plugins/Interchange/Runtime/Content/Pipelines/DefaultMaterialPipeline.uexp" 772
"../../../Engine/Plugins/Interchange/Runtime/Content/Pipelines/DefaultAssetsPipeline.uasset" 773
"../../../Engine/Plugins/Interchange/Runtime/Content/Pipelines/DefaultAssetsPipeline.uexp" 774
"../../../Engine/Plugins/Runtime/MeshModelingToolset/Content/Materials/M_DynamicMeshComponentVtxColor.uasset" 775
"../../../Engine/Plugins/Runtime/MeshModelingToolset/Content/Materials/M_DynamicMeshComponentVtxColor.uexp" 776
"../../../Engine/Content/Maps/Entry_BuiltData.uasset" 777
"../../../Engine/Content/Maps/Entry_BuiltData.uexp" 778
"../../../Engine/Content/Maps/Entry.uexp" 779
"../../../Engine/Content/Maps/Entry.umap" 780
"../../../Engine/Content/Maps/Templates/OpenWorld.uexp" 781
"../../../Engine/Content/Maps/Templates/OpenWorld.ubulk" 782
"../../../Engine/Content/Maps/Templates/OpenWorld.umap" 783
"../../../Engine/Content/Maps/Templates/OpenWorld/_Generated_/MainGrid_L0_X-3_Y-1_DL0.uexp" 784
"../../../Engine/Content/Maps/Templates/OpenWorld/_Generated_/MainGrid_L0_X-3_Y-1_DL0.ubulk" 785
"../../../Engine/Content/Maps/Templates/OpenWorld/_Generated_/MainGrid_L0_X-3_Y-1_DL0.umap" 786
"../../../Engine/Content/Maps/Templates/OpenWorld/_Generated_/MainGrid_L0_X3_Y-2_DL0.uexp" 787
"../../../Engine/Content/Maps/Templates/OpenWorld/_Generated_/MainGrid_L0_X3_Y-2_DL0.ubulk" 788
"../../../Engine/Content/Maps/Templates/OpenWorld/_Generated_/MainGrid_L0_X3_Y-2_DL0.umap" 789
"../../../Engine/Content/Maps/Templates/OpenWorld/_Generated_/MainGrid_L0_X-3_Y0_DL0.uexp" 790
"../../../Engine/Content/Maps/Templates/OpenWorld/_Generated_/MainGrid_L0_X-3_Y0_DL0.ubulk" 791
"../../../Engine/Content/Maps/Templates/OpenWorld/_Generated_/MainGrid_L0_X-3_Y0_DL0.umap" 792
"../../../Engine/Content/Maps/Templates/OpenWorld/_Generated_/MainGrid_L0_X-2_Y-3_DL0.uexp" 793
"../../../Engine/Content/Maps/Templates/OpenWorld/_Generated_/MainGrid_L0_X-2_Y-3_DL0.ubulk" 794
"../../../Engine/Content/Maps/Templates/OpenWorld/_Generated_/MainGrid_L0_X-2_Y-3_DL0.umap" 795
"../../../Engine/Content/Maps/Templates/OpenWorld/_Generated_/MainGrid_L0_X0_Y-2_DL0.uexp" 796
"../../../Engine/Content/Maps/Templates/OpenWorld/_Generated_/MainGrid_L0_X0_Y-2_DL0.ubulk" 797
"../../../Engine/Content/Maps/Templates/OpenWorld/_Generated_/MainGrid_L0_X0_Y-2_DL0.umap" 798
"../../../Engine/Content/Maps/Templates/OpenWorld/_Generated_/MainGrid_L0_X2_Y1_DL0.uexp" 799
"../../../Engine/Content/Maps/Templates/OpenWorld/_Generated_/MainGrid_L0_X2_Y1_DL0.ubulk" 800
"../../../Engine/Content/Maps/Templates/OpenWorld/_Generated_/MainGrid_L0_X2_Y1_DL0.umap" 801
"../../../Engine/Content/Maps/Templates/OpenWorld/_Generated_/MainGrid_L0_X1_Y0_DL0.uexp" 802
"../../../Engine/Content/Maps/Templates/OpenWorld/_Generated_/MainGrid_L0_X1_Y0_DL0.ubulk" 803
"../../../Engine/Content/Maps/Templates/OpenWorld/_Generated_/MainGrid_L0_X1_Y0_DL0.umap" 804
"../../../Engine/Content/Maps/Templates/OpenWorld/_Generated_/MainGrid_L0_X0_Y-4_DL0.uexp" 805
"../../../Engine/Content/Maps/Templates/OpenWorld/_Generated_/MainGrid_L0_X0_Y-4_DL0.ubulk" 806
"../../../Engine/Content/Maps/Templates/OpenWorld/_Generated_/MainGrid_L0_X0_Y-4_DL0.umap" 807
"../../../Engine/Content/Maps/Templates/OpenWorld/_Generated_/MainGrid_L0_X1_Y2_DL0.uexp" 808
"../../../Engine/Content/Maps/Templates/OpenWorld/_Generated_/MainGrid_L0_X1_Y2_DL0.ubulk" 809
"../../../Engine/Content/Maps/Templates/OpenWorld/_Generated_/MainGrid_L0_X1_Y2_DL0.umap" 810
"../../../Engine/Content/Maps/Templates/OpenWorld/_Generated_/MainGrid_L0_X0_Y0_DL0.uexp" 811
"../../../Engine/Content/Maps/Templates/OpenWorld/_Generated_/MainGrid_L0_X0_Y0_DL0.ubulk" 812
"../../../Engine/Content/Maps/Templates/OpenWorld/_Generated_/MainGrid_L0_X0_Y0_DL0.umap" 813
"../../../Engine/Content/Maps/Templates/OpenWorld/_Generated_/MainGrid_L0_X-4_Y3_DL0.uexp" 814
"../../../Engine/Content/Maps/Templates/OpenWorld/_Generated_/MainGrid_L0_X-4_Y3_DL0.ubulk" 815
"../../../Engine/Content/Maps/Templates/OpenWorld/_Generated_/MainGrid_L0_X-4_Y3_DL0.umap" 816
"../../../Engine/Content/Maps/Templates/OpenWorld/_Generated_/MainGrid_L0_X-4_Y-3_DL0.uexp" 817
"../../../Engine/Content/Maps/Templates/OpenWorld/_Generated_/MainGrid_L0_X-4_Y-3_DL0.ubulk" 818
"../../../Engine/Content/Maps/Templates/OpenWorld/_Generated_/MainGrid_L0_X-4_Y-3_DL0.umap" 819
"../../../Engine/Content/Maps/Templates/OpenWorld/_Generated_/MainGrid_L0_X-1_Y1_DL0.uexp" 820
"../../../Engine/Content/Maps/Templates/OpenWorld/_Generated_/MainGrid_L0_X-1_Y1_DL0.ubulk" 821
"../../../Engine/Content/Maps/Templates/OpenWorld/_Generated_/MainGrid_L0_X-1_Y1_DL0.umap" 822
"../../../Engine/Content/Maps/Templates/OpenWorld/_Generated_/MainGrid_L0_X2_Y-4_DL0.uexp" 823
"../../../Engine/Content/Maps/Templates/OpenWorld/_Generated_/MainGrid_L0_X2_Y-4_DL0.ubulk" 824
"../../../Engine/Content/Maps/Templates/OpenWorld/_Generated_/MainGrid_L0_X2_Y-4_DL0.umap" 825
"../../../Engine/Content/Maps/Templates/OpenWorld/_Generated_/MainGrid_L0_X-4_Y-4_DL0.uexp" 826
"../../../Engine/Content/Maps/Templates/OpenWorld/_Generated_/MainGrid_L0_X-4_Y-4_DL0.ubulk" 827
"../../../Engine/Content/Maps/Templates/OpenWorld/_Generated_/MainGrid_L0_X-4_Y-4_DL0.umap" 828
"../../../Engine/Content/Maps/Templates/OpenWorld/_Generated_/MainGrid_L0_X2_Y-2_DL0.uexp" 829
"../../../Engine/Content/Maps/Templates/OpenWorld/_Generated_/MainGrid_L0_X2_Y-2_DL0.ubulk" 830
"../../../Engine/Content/Maps/Templates/OpenWorld/_Generated_/MainGrid_L0_X2_Y-2_DL0.umap" 831
"../../../Engine/Content/Maps/Templates/OpenWorld/_Generated_/MainGrid_L0_X2_Y2_DL0.uexp" 832
"../../../Engine/Content/Maps/Templates/OpenWorld/_Generated_/MainGrid_L0_X2_Y2_DL0.ubulk" 833
"../../../Engine/Content/Maps/Templates/OpenWorld/_Generated_/MainGrid_L0_X2_Y2_DL0.umap" 834
"../../../Engine/Content/Maps/Templates/OpenWorld/_Generated_/MainGrid_L0_X3_Y-1_DL0.uexp" 835
"../../../Engine/Content/Maps/Templates/OpenWorld/_Generated_/MainGrid_L0_X3_Y-1_DL0.ubulk" 836
"../../../Engine/Content/Maps/Templates/OpenWorld/_Generated_/MainGrid_L0_X3_Y-1_DL0.umap" 837
"../../../Engine/Content/Maps/Templates/OpenWorld/_Generated_/MainGrid_L0_X-4_Y2_DL0.uexp" 838
"../../../Engine/Content/Maps/Templates/OpenWorld/_Generated_/MainGrid_L0_X-4_Y2_DL0.ubulk" 839
"../../../Engine/Content/Maps/Templates/OpenWorld/_Generated_/MainGrid_L0_X-4_Y2_DL0.umap" 840
"../../../Engine/Content/Maps/Templates/OpenWorld/_Generated_/MainGrid_L0_X-3_Y1_DL0.uexp" 841
"../../../Engine/Content/Maps/Templates/OpenWorld/_Generated_/MainGrid_L0_X-3_Y1_DL0.ubulk" 842
"../../../Engine/Content/Maps/Templates/OpenWorld/_Generated_/MainGrid_L0_X-3_Y1_DL0.umap" 843
"../../../Engine/Content/Maps/Templates/OpenWorld/_Generated_/MainGrid_L0_X-2_Y-2_DL0.uexp" 844
"../../../Engine/Content/Maps/Templates/OpenWorld/_Generated_/MainGrid_L0_X-2_Y-2_DL0.ubulk" 845
"../../../Engine/Content/Maps/Templates/OpenWorld/_Generated_/MainGrid_L0_X-2_Y-2_DL0.umap" 846
"../../../Engine/Content/Maps/Templates/OpenWorld/_Generated_/MainGrid_L0_X-4_Y1_DL0.uexp" 847
"../../../Engine/Content/Maps/Templates/OpenWorld/_Generated_/MainGrid_L0_X-4_Y1_DL0.ubulk" 848
"../../../Engine/Content/Maps/Templates/OpenWorld/_Generated_/MainGrid_L0_X-4_Y1_DL0.umap" 849
"../../../Engine/Content/Maps/Templates/OpenWorld/_Generated_/MainGrid_L0_X-3_Y-3_DL0.uexp" 850
"../../../Engine/Content/Maps/Templates/OpenWorld/_Generated_/MainGrid_L0_X-3_Y-3_DL0.ubulk" 851
"../../../Engine/Content/Maps/Templates/OpenWorld/_Generated_/MainGrid_L0_X-3_Y-3_DL0.umap" 852
"../../../Engine/Content/Maps/Templates/OpenWorld/_Generated_/MainGrid_L0_X-3_Y-4_DL0.uexp" 853
"../../../Engine/Content/Maps/Templates/OpenWorld/_Generated_/MainGrid_L0_X-3_Y-4_DL0.ubulk" 854
"../../../Engine/Content/Maps/Templates/OpenWorld/_Generated_/MainGrid_L0_X-3_Y-4_DL0.umap" 855
"../../../Engine/Content/Maps/Templates/OpenWorld/_Generated_/MainGrid_L0_X-1_Y2_DL0.uexp" 856
"../../../Engine/Content/Maps/Templates/OpenWorld/_Generated_/MainGrid_L0_X-1_Y2_DL0.ubulk" 857
"../../../Engine/Content/Maps/Templates/OpenWorld/_Generated_/MainGrid_L0_X-1_Y2_DL0.umap" 858
"../../../Engine/Content/Maps/Templates/OpenWorld/_Generated_/MainGrid_L0_X2_Y-1_DL0.uexp" 859
"../../../Engine/Content/Maps/Templates/OpenWorld/_Generated_/MainGrid_L0_X2_Y-1_DL0.ubulk" 860
"../../../Engine/Content/Maps/Templates/OpenWorld/_Generated_/MainGrid_L0_X2_Y-1_DL0.umap" 861
"../../../Engine/Content/Maps/Templates/OpenWorld/_Generated_/MainGrid_L0_X3_Y-3_DL0.uexp" 862
"../../../Engine/Content/Maps/Templates/OpenWorld/_Generated_/MainGrid_L0_X3_Y-3_DL0.ubulk" 863
"../../../Engine/Content/Maps/Templates/OpenWorld/_Generated_/MainGrid_L0_X3_Y-3_DL0.umap" 864
"../../../Engine/Content/Maps/Templates/OpenWorld/_Generated_/MainGrid_L0_X3_Y-4_DL0.uexp" 865
"../../../Engine/Content/Maps/Templates/OpenWorld/_Generated_/MainGrid_L0_X3_Y-4_DL0.ubulk" 866
"../../../Engine/Content/Maps/Templates/OpenWorld/_Generated_/MainGrid_L0_X3_Y-4_DL0.umap" 867
"../../../Engine/Content/Maps/Templates/OpenWorld/_Generated_/MainGrid_L0_X-1_Y-3_DL0.uexp" 868
"../../../Engine/Content/Maps/Templates/OpenWorld/_Generated_/MainGrid_L0_X-1_Y-3_DL0.ubulk" 869
"../../../Engine/Content/Maps/Templates/OpenWorld/_Generated_/MainGrid_L0_X-1_Y-3_DL0.umap" 870
"../../../Engine/Content/Maps/Templates/OpenWorld/_Generated_/MainGrid_L0_X0_Y1_DL0.uexp" 871
"../../../Engine/Content/Maps/Templates/OpenWorld/_Generated_/MainGrid_L0_X0_Y1_DL0.ubulk" 872
"../../../Engine/Content/Maps/Templates/OpenWorld/_Generated_/MainGrid_L0_X0_Y1_DL0.umap" 873
"../../../Engine/Content/Maps/Templates/OpenWorld/_Generated_/MainGrid_L0_X-1_Y0_DL0.uexp" 874
"../../../Engine/Content/Maps/Templates/OpenWorld/_Generated_/MainGrid_L0_X-1_Y0_DL0.ubulk" 875
"../../../Engine/Content/Maps/Templates/OpenWorld/_Generated_/MainGrid_L0_X-1_Y0_DL0.umap" 876
"../../../Engine/Content/Maps/Templates/OpenWorld/_Generated_/MainGrid_L0_X-4_Y0_DL0.uexp" 877
"../../../Engine/Content/Maps/Templates/OpenWorld/_Generated_/MainGrid_L0_X-4_Y0_DL0.ubulk" 878
"../../../Engine/Content/Maps/Templates/OpenWorld/_Generated_/MainGrid_L0_X-4_Y0_DL0.umap" 879
"../../../Engine/Content/Maps/Templates/OpenWorld/_Generated_/MainGrid_L0_X2_Y0_DL0.uexp" 880
"../../../Engine/Content/Maps/Templates/OpenWorld/_Generated_/MainGrid_L0_X2_Y0_DL0.ubulk" 881
"../../../Engine/Content/Maps/Templates/OpenWorld/_Generated_/MainGrid_L0_X2_Y0_DL0.umap" 882
"../../../Engine/Content/Maps/Templates/OpenWorld/_Generated_/MainGrid_L0_X2_Y-3_DL0.uexp" 883
"../../../Engine/Content/Maps/Templates/OpenWorld/_Generated_/MainGrid_L0_X2_Y-3_DL0.ubulk" 884
"../../../Engine/Content/Maps/Templates/OpenWorld/_Generated_/MainGrid_L0_X2_Y-3_DL0.umap" 885
"../../../Engine/Content/Maps/Templates/OpenWorld/_Generated_/MainGrid_L0_X0_Y-1_DL0.uexp" 886
"../../../Engine/Content/Maps/Templates/OpenWorld/_Generated_/MainGrid_L0_X0_Y-1_DL0.ubulk" 887
"../../../Engine/Content/Maps/Templates/OpenWorld/_Generated_/MainGrid_L0_X0_Y-1_DL0.umap" 888
"../../../Engine/Content/Maps/Templates/OpenWorld/_Generated_/MainGrid_L0_X-1_Y-4_DL0.uexp" 889
"../../../Engine/Content/Maps/Templates/OpenWorld/_Generated_/MainGrid_L0_X-1_Y-4_DL0.ubulk" 890
"../../../Engine/Content/Maps/Templates/OpenWorld/_Generated_/MainGrid_L0_X-1_Y-4_DL0.umap" 891
"../../../Engine/Content/Maps/Templates/OpenWorld/_Generated_/MainGrid_L0_X-2_Y0_DL0.uexp" 892
"../../../Engine/Content/Maps/Templates/OpenWorld/_Generated_/MainGrid_L0_X-2_Y0_DL0.ubulk" 893
"../../../Engine/Content/Maps/Templates/OpenWorld/_Generated_/MainGrid_L0_X-2_Y0_DL0.umap" 894
"../../../Engine/Content/Maps/Templates/OpenWorld/_Generated_/MainGrid_L0_X-2_Y-4_DL0.uexp" 895
"../../../Engine/Content/Maps/Templates/OpenWorld/_Generated_/MainGrid_L0_X-2_Y-4_DL0.ubulk" 896
"../../../Engine/Content/Maps/Templates/OpenWorld/_Generated_/MainGrid_L0_X-2_Y-4_DL0.umap" 897
"../../../Engine/Content/Maps/Templates/OpenWorld/_Generated_/MainGrid_L0_X1_Y3_DL0.uexp" 898
"../../../Engine/Content/Maps/Templates/OpenWorld/_Generated_/MainGrid_L0_X1_Y3_DL0.ubulk" 899
"../../../Engine/Content/Maps/Templates/OpenWorld/_Generated_/MainGrid_L0_X1_Y3_DL0.umap" 900
"../../../Engine/Content/Maps/Templates/OpenWorld/_Generated_/MainGrid_L0_X3_Y2_DL0.uexp" 901
"../../../Engine/Content/Maps/Templates/OpenWorld/_Generated_/MainGrid_L0_X3_Y2_DL0.ubulk" 902
"../../../Engine/Content/Maps/Templates/OpenWorld/_Generated_/MainGrid_L0_X3_Y2_DL0.umap" 903
"../../../Engine/Content/Maps/Templates/OpenWorld/_Generated_/MainGrid_L0_X-1_Y-2_DL0.uexp" 904
"../../../Engine/Content/Maps/Templates/OpenWorld/_Generated_/MainGrid_L0_X-1_Y-2_DL0.ubulk" 905
"../../../Engine/Content/Maps/Templates/OpenWorld/_Generated_/MainGrid_L0_X-1_Y-2_DL0.umap" 906
"../../../Engine/Content/Maps/Templates/OpenWorld/_Generated_/MainGrid_L0_X0_Y2_DL0.uexp" 907
"../../../Engine/Content/Maps/Templates/OpenWorld/_Generated_/MainGrid_L0_X0_Y2_DL0.ubulk" 908
"../../../Engine/Content/Maps/Templates/OpenWorld/_Generated_/MainGrid_L0_X0_Y2_DL0.umap" 909
"../../../Engine/Content/Maps/Templates/OpenWorld/_Generated_/MainGrid_L0_X-2_Y1_DL0.uexp" 910
"../../../Engine/Content/Maps/Templates/OpenWorld/_Generated_/MainGrid_L0_X-2_Y1_DL0.ubulk" 911
"../../../Engine/Content/Maps/Templates/OpenWorld/_Generated_/MainGrid_L0_X-2_Y1_DL0.umap" 912
"../../../Engine/Content/Maps/Templates/OpenWorld/_Generated_/MainGrid_L0_X1_Y-1_DL0.uexp" 913
"../../../Engine/Content/Maps/Templates/OpenWorld/_Generated_/MainGrid_L0_X1_Y-1_DL0.ubulk" 914
"../../../Engine/Content/Maps/Templates/OpenWorld/_Generated_/MainGrid_L0_X1_Y-1_DL0.umap" 915
"../../../Engine/Content/Maps/Templates/OpenWorld/_Generated_/MainGrid_L0_X-1_Y-1_DL0.uexp" 916
"../../../Engine/Content/Maps/Templates/OpenWorld/_Generated_/MainGrid_L0_X-1_Y-1_DL0.ubulk" 917
"../../../Engine/Content/Maps/Templates/OpenWorld/_Generated_/MainGrid_L0_X-1_Y-1_DL0.umap" 918
"../../../Engine/Content/Maps/Templates/OpenWorld/_Generated_/MainGrid_L0_X0_Y-3_DL0.uexp" 919
"../../../Engine/Content/Maps/Templates/OpenWorld/_Generated_/MainGrid_L0_X0_Y-3_DL0.ubulk" 920
"../../../Engine/Content/Maps/Templates/OpenWorld/_Generated_/MainGrid_L0_X0_Y-3_DL0.umap" 921
"../../../Engine/Content/Maps/Templates/OpenWorld/_Generated_/MainGrid_L0_X3_Y0_DL0.uexp" 922
"../../../Engine/Content/Maps/Templates/OpenWorld/_Generated_/MainGrid_L0_X3_Y0_DL0.ubulk" 923
"../../../Engine/Content/Maps/Templates/OpenWorld/_Generated_/MainGrid_L0_X3_Y0_DL0.umap" 924
"../../../Engine/Content/Maps/Templates/OpenWorld/_Generated_/MainGrid_L0_X1_Y-4_DL0.uexp" 925
"../../../Engine/Content/Maps/Templates/OpenWorld/_Generated_/MainGrid_L0_X1_Y-4_DL0.ubulk" 926
"../../../Engine/Content/Maps/Templates/OpenWorld/_Generated_/MainGrid_L0_X1_Y-4_DL0.umap" 927
"../../../Engine/Content/Maps/Templates/OpenWorld/_Generated_/MainGrid_L0_X-3_Y3_DL0.uexp" 928
"../../../Engine/Content/Maps/Templates/OpenWorld/_Generated_/MainGrid_L0_X-3_Y3_DL0.ubulk" 929
"../../../Engine/Content/Maps/Templates/OpenWorld/_Generated_/MainGrid_L0_X-3_Y3_DL0.umap" 930
"../../../Engine/Content/Maps/Templates/OpenWorld/_Generated_/MainGrid_L0_X3_Y3_DL0.uexp" 931
"../../../Engine/Content/Maps/Templates/OpenWorld/_Generated_/MainGrid_L0_X3_Y3_DL0.ubulk" 932
"../../../Engine/Content/Maps/Templates/OpenWorld/_Generated_/MainGrid_L0_X3_Y3_DL0.umap" 933
"../../../Engine/Content/Maps/Templates/OpenWorld/_Generated_/MainGrid_L0_X-2_Y2_DL0.uexp" 934
"../../../Engine/Content/Maps/Templates/OpenWorld/_Generated_/MainGrid_L0_X-2_Y2_DL0.ubulk" 935
"../../../Engine/Content/Maps/Templates/OpenWorld/_Generated_/MainGrid_L0_X-2_Y2_DL0.umap" 936
"../../../Engine/Content/Maps/Templates/OpenWorld/_Generated_/MainGrid_L0_X-3_Y2_DL0.uexp" 937
"../../../Engine/Content/Maps/Templates/OpenWorld/_Generated_/MainGrid_L0_X-3_Y2_DL0.ubulk" 938
"../../../Engine/Content/Maps/Templates/OpenWorld/_Generated_/MainGrid_L0_X-3_Y2_DL0.umap" 939
"../../../Engine/Content/Maps/Templates/OpenWorld/_Generated_/MainGrid_L0_X1_Y-3_DL0.uexp" 940
"../../../Engine/Content/Maps/Templates/OpenWorld/_Generated_/MainGrid_L0_X1_Y-3_DL0.ubulk" 941
"../../../Engine/Content/Maps/Templates/OpenWorld/_Generated_/MainGrid_L0_X1_Y-3_DL0.umap" 942
"../../../Engine/Content/Maps/Templates/OpenWorld/_Generated_/MainGrid_L0_X3_Y1_DL0.uexp" 943
"../../../Engine/Content/Maps/Templates/OpenWorld/_Generated_/MainGrid_L0_X3_Y1_DL0.ubulk" 944
"../../../Engine/Content/Maps/Templates/OpenWorld/_Generated_/MainGrid_L0_X3_Y1_DL0.umap" 945
"../../../Engine/Content/Maps/Templates/OpenWorld/_Generated_/MainGrid_L0_X1_Y1_DL0.uexp" 946
"../../../Engine/Content/Maps/Templates/OpenWorld/_Generated_/MainGrid_L0_X1_Y1_DL0.ubulk" 947
"../../../Engine/Content/Maps/Templates/OpenWorld/_Generated_/MainGrid_L0_X1_Y1_DL0.umap" 948
"../../../Engine/Content/Maps/Templates/OpenWorld/_Generated_/MainGrid_L0_X-3_Y-2_DL0.uexp" 949
"../../../Engine/Content/Maps/Templates/OpenWorld/_Generated_/MainGrid_L0_X-3_Y-2_DL0.ubulk" 950
"../../../Engine/Content/Maps/Templates/OpenWorld/_Generated_/MainGrid_L0_X-3_Y-2_DL0.umap" 951
"../../../Engine/Content/Maps/Templates/OpenWorld/_Generated_/MainGrid_L0_X1_Y-2_DL0.uexp" 952
"../../../Engine/Content/Maps/Templates/OpenWorld/_Generated_/MainGrid_L0_X1_Y-2_DL0.ubulk" 953
"../../../Engine/Content/Maps/Templates/OpenWorld/_Generated_/MainGrid_L0_X1_Y-2_DL0.umap" 954
"../../../Engine/Content/Maps/Templates/OpenWorld/_Generated_/MainGrid_L0_X-4_Y-1_DL0.uexp" 955
"../../../Engine/Content/Maps/Templates/OpenWorld/_Generated_/MainGrid_L0_X-4_Y-1_DL0.ubulk" 956
"../../../Engine/Content/Maps/Templates/OpenWorld/_Generated_/MainGrid_L0_X-4_Y-1_DL0.umap" 957
"../../../Engine/Content/Maps/Templates/OpenWorld/_Generated_/MainGrid_L0_X-4_Y-2_DL0.uexp" 958
"../../../Engine/Content/Maps/Templates/OpenWorld/_Generated_/MainGrid_L0_X-4_Y-2_DL0.ubulk" 959
"../../../Engine/Content/Maps/Templates/OpenWorld/_Generated_/MainGrid_L0_X-4_Y-2_DL0.umap" 960
"../../../Engine/Content/Maps/Templates/OpenWorld/_Generated_/MainGrid_L0_X-2_Y3_DL0.uexp" 961
"../../../Engine/Content/Maps/Templates/OpenWorld/_Generated_/MainGrid_L0_X-2_Y3_DL0.ubulk" 962
"../../../Engine/Content/Maps/Templates/OpenWorld/_Generated_/MainGrid_L0_X-2_Y3_DL0.umap" 963
"../../../Engine/Content/Maps/Templates/OpenWorld/_Generated_/MainGrid_L0_X-2_Y-1_DL0.uexp" 964
"../../../Engine/Content/Maps/Templates/OpenWorld/_Generated_/MainGrid_L0_X-2_Y-1_DL0.ubulk" 965
"../../../Engine/Content/Maps/Templates/OpenWorld/_Generated_/MainGrid_L0_X-2_Y-1_DL0.umap" 966
"../../../Engine/Content/Maps/Templates/OpenWorld/_Generated_/MainGrid_L0_X-1_Y3_DL0.uexp" 967
"../../../Engine/Content/Maps/Templates/OpenWorld/_Generated_/MainGrid_L0_X-1_Y3_DL0.ubulk" 968
"../../../Engine/Content/Maps/Templates/OpenWorld/_Generated_/MainGrid_L0_X-1_Y3_DL0.umap" 969
"../../../Engine/Content/Maps/Templates/OpenWorld/_Generated_/MainGrid_L0_X2_Y3_DL0.uexp" 970
"../../../Engine/Content/Maps/Templates/OpenWorld/_Generated_/MainGrid_L0_X2_Y3_DL0.ubulk" 971
"../../../Engine/Content/Maps/Templates/OpenWorld/_Generated_/MainGrid_L0_X2_Y3_DL0.umap" 972
"../../../Engine/Content/Maps/Templates/OpenWorld/_Generated_/MainGrid_L0_X0_Y3_DL0.uexp" 973
"../../../Engine/Content/Maps/Templates/OpenWorld/_Generated_/MainGrid_L0_X0_Y3_DL0.ubulk" 974
"../../../Engine/Content/Maps/Templates/OpenWorld/_Generated_/MainGrid_L0_X0_Y3_DL0.umap" 975
